{"/home/admin/projects/annsight-data-manager/src/pipeline/base.js": {"path":"/home/admin/projects/annsight-data-manager/src/pipeline/base.js","statementMap":{"0":{"start":{"line":12,"column":8},"end":{"line":12,"column":43}},"1":{"start":{"line":21,"column":8},"end":{"line":21,"column":43}},"2":{"start":{"line":29,"column":8},"end":{"line":29,"column":20}},"3":{"start":{"line":33,"column":0},"end":{"line":33,"column":35}}},"fnMap":{"0":{"name":"(anonymous_0)","decl":{"start":{"line":11,"column":4},"end":{"line":11,"column":5}},"loc":{"start":{"line":11,"column":14},"end":{"line":13,"column":5}},"line":11},"1":{"name":"(anonymous_1)","decl":{"start":{"line":20,"column":4},"end":{"line":20,"column":5}},"loc":{"start":{"line":20,"column":27},"end":{"line":22,"column":5}},"line":20},"2":{"name":"(anonymous_2)","decl":{"start":{"line":28,"column":4},"end":{"line":28,"column":5}},"loc":{"start":{"line":28,"column":17},"end":{"line":30,"column":5}},"line":28}},"branchMap":{},"s":{"0":0,"1":0,"2":0,"3":1},"f":{"0":0,"1":0,"2":0},"b":{},"_coverageSchema":"1a1c01bbd47fc00a2c39e90264f33305004495a9","hash":"acd56235795c1e1f7ce8b8b8527ad735cefcf575"}
,"/home/admin/projects/annsight-data-manager/src/pipeline/data-pipeline.js": {"path":"/home/admin/projects/annsight-data-manager/src/pipeline/data-pipeline.js","statementMap":{"0":{"start":{"line":7,"column":32},"end":{"line":16,"column":1}},"1":{"start":{"line":19,"column":25},"end":{"line":52,"column":1}},"2":{"start":{"line":62,"column":8},"end":{"line":62,"column":29}},"3":{"start":{"line":63,"column":8},"end":{"line":63,"column":36}},"4":{"start":{"line":64,"column":8},"end":{"line":64,"column":26}},"5":{"start":{"line":71,"column":8},"end":{"line":71,"column":45}},"6":{"start":{"line":72,"column":8},"end":{"line":72,"column":20}},"7":{"start":{"line":79,"column":8},"end":{"line":79,"column":34}},"8":{"start":{"line":80,"column":8},"end":{"line":80,"column":20}},"9":{"start":{"line":89,"column":24},"end":{"line":89,"column":62}},"10":{"start":{"line":90,"column":24},"end":{"line":90,"column":26}},"11":{"start":{"line":92,"column":8},"end":{"line":92,"column":61}},"12":{"start":{"line":93,"column":8},"end":{"line":93,"column":67}},"13":{"start":{"line":95,"column":8},"end":{"line":122,"column":9}},"14":{"start":{"line":96,"column":12},"end":{"line":99,"column":13}},"15":{"start":{"line":97,"column":16},"end":{"line":97,"column":66}},"16":{"start":{"line":98,"column":16},"end":{"line":98,"column":25}},"17":{"start":{"line":101,"column":30},"end":{"line":101,"column":66}},"18":{"start":{"line":102,"column":12},"end":{"line":104,"column":13}},"19":{"start":{"line":103,"column":16},"end":{"line":103,"column":61}},"20":{"start":{"line":106,"column":12},"end":{"line":106,"column":62}},"21":{"start":{"line":108,"column":12},"end":{"line":121,"column":13}},"22":{"start":{"line":109,"column":31},"end":{"line":109,"column":63}},"23":{"start":{"line":110,"column":16},"end":{"line":110,"column":47}},"24":{"start":{"line":111,"column":16},"end":{"line":111,"column":75}},"25":{"start":{"line":112,"column":16},"end":{"line":112,"column":66}},"26":{"start":{"line":114,"column":16},"end":{"line":114,"column":84}},"27":{"start":{"line":117,"column":16},"end":{"line":119,"column":17}},"28":{"start":{"line":118,"column":20},"end":{"line":118,"column":32}},"29":{"start":{"line":120,"column":16},"end":{"line":120,"column":72}},"30":{"start":{"line":124,"column":8},"end":{"line":124,"column":61}},"31":{"start":{"line":125,"column":8},"end":{"line":125,"column":36}},"32":{"start":{"line":132,"column":24},"end":{"line":138,"column":9}},"33":{"start":{"line":140,"column":8},"end":{"line":147,"column":9}},"34":{"start":{"line":141,"column":12},"end":{"line":145,"column":13}},"35":{"start":{"line":142,"column":16},"end":{"line":142,"column":39}},"36":{"start":{"line":144,"column":16},"end":{"line":144,"column":38}},"37":{"start":{"line":146,"column":12},"end":{"line":146,"column":54}},"38":{"start":{"line":149,"column":8},"end":{"line":149,"column":23}},"39":{"start":{"line":158,"column":8},"end":{"line":158,"column":40}},"40":{"start":{"line":159,"column":8},"end":{"line":159,"column":39}},"41":{"start":{"line":169,"column":21},"end":{"line":169,"column":45}},"42":{"start":{"line":171,"column":8},"end":{"line":173,"column":9}},"43":{"start":{"line":172,"column":12},"end":{"line":172,"column":56}},"44":{"start":{"line":175,"column":8},"end":{"line":177,"column":9}},"45":{"start":{"line":176,"column":12},"end":{"line":176,"column":45}},"46":{"start":{"line":179,"column":25},"end":{"line":179,"column":49}},"47":{"start":{"line":182,"column":8},"end":{"line":184,"column":9}},"48":{"start":{"line":183,"column":12},"end":{"line":183,"column":56}},"49":{"start":{"line":186,"column":8},"end":{"line":186,"column":24}},"50":{"start":{"line":193,"column":8},"end":{"line":193,"column":45}},"51":{"start":{"line":200,"column":8},"end":{"line":203,"column":10}},"52":{"start":{"line":207,"column":0},"end":{"line":212,"column":2}}},"fnMap":{"0":{"name":"(anonymous_0)","decl":{"start":{"line":61,"column":4},"end":{"line":61,"column":5}},"loc":{"start":{"line":61,"column":50},"end":{"line":65,"column":5}},"line":61},"1":{"name":"(anonymous_1)","decl":{"start":{"line":70,"column":4},"end":{"line":70,"column":5}},"loc":{"start":{"line":70,"column":39},"end":{"line":73,"column":5}},"line":70},"2":{"name":"(anonymous_2)","decl":{"start":{"line":78,"column":4},"end":{"line":78,"column":5}},"loc":{"start":{"line":78,"column":27},"end":{"line":81,"column":5}},"line":78},"3":{"name":"(anonymous_3)","decl":{"start":{"line":88,"column":4},"end":{"line":88,"column":5}},"loc":{"start":{"line":88,"column":39},"end":{"line":126,"column":5}},"line":88},"4":{"name":"(anonymous_4)","decl":{"start":{"line":131,"column":4},"end":{"line":131,"column":5}},"loc":{"start":{"line":131,"column":24},"end":{"line":150,"column":5}},"line":131},"5":{"name":"(anonymous_5)","decl":{"start":{"line":157,"column":4},"end":{"line":157,"column":5}},"loc":{"start":{"line":157,"column":18},"end":{"line":160,"column":5}},"line":157},"6":{"name":"(anonymous_6)","decl":{"start":{"line":168,"column":4},"end":{"line":168,"column":5}},"loc":{"start":{"line":168,"column":60},"end":{"line":187,"column":5}},"line":168},"7":{"name":"(anonymous_7)","decl":{"start":{"line":192,"column":4},"end":{"line":192,"column":5}},"loc":{"start":{"line":192,"column":33},"end":{"line":194,"column":5}},"line":192},"8":{"name":"(anonymous_8)","decl":{"start":{"line":199,"column":4},"end":{"line":199,"column":5}},"loc":{"start":{"line":199,"column":26},"end":{"line":204,"column":5}},"line":199}},"branchMap":{"0":{"loc":{"start":{"line":61,"column":16},"end":{"line":61,"column":48}},"type":"default-arg","locations":[{"start":{"line":61,"column":25},"end":{"line":61,"column":48}}],"line":61},"1":{"loc":{"start":{"line":88,"column":18},"end":{"line":88,"column":37}},"type":"default-arg","locations":[{"start":{"line":88,"column":35},"end":{"line":88,"column":37}}],"line":88},"2":{"loc":{"start":{"line":96,"column":12},"end":{"line":99,"column":13}},"type":"if","locations":[{"start":{"line":96,"column":12},"end":{"line":99,"column":13}},{"start":{},"end":{}}],"line":96},"3":{"loc":{"start":{"line":102,"column":12},"end":{"line":104,"column":13}},"type":"if","locations":[{"start":{"line":102,"column":12},"end":{"line":104,"column":13}},{"start":{},"end":{}}],"line":102},"4":{"loc":{"start":{"line":117,"column":16},"end":{"line":119,"column":17}},"type":"if","locations":[{"start":{"line":117,"column":16},"end":{"line":119,"column":17}},{"start":{},"end":{}}],"line":117},"5":{"loc":{"start":{"line":141,"column":12},"end":{"line":145,"column":13}},"type":"if","locations":[{"start":{"line":141,"column":12},"end":{"line":145,"column":13}},{"start":{"line":143,"column":19},"end":{"line":145,"column":13}}],"line":141},"6":{"loc":{"start":{"line":168,"column":11},"end":{"line":168,"column":33}},"type":"default-arg","locations":[{"start":{"line":168,"column":24},"end":{"line":168,"column":33}}],"line":168},"7":{"loc":{"start":{"line":168,"column":35},"end":{"line":168,"column":58}},"type":"default-arg","locations":[{"start":{"line":168,"column":56},"end":{"line":168,"column":58}}],"line":168},"8":{"loc":{"start":{"line":171,"column":8},"end":{"line":173,"column":9}},"type":"if","locations":[{"start":{"line":171,"column":8},"end":{"line":173,"column":9}},{"start":{},"end":{}}],"line":171},"9":{"loc":{"start":{"line":175,"column":8},"end":{"line":177,"column":9}},"type":"if","locations":[{"start":{"line":175,"column":8},"end":{"line":177,"column":9}},{"start":{},"end":{}}],"line":175}},"s":{"0":1,"1":1,"2":3,"3":3,"4":3,"5":12,"6":12,"7":0,"8":0,"9":3,"10":3,"11":3,"12":3,"13":3,"14":12,"15":0,"16":0,"17":12,"18":12,"19":0,"20":12,"21":12,"22":12,"23":12,"24":12,"25":12,"26":0,"27":0,"28":0,"29":0,"30":3,"31":3,"32":2,"33":2,"34":8,"35":8,"36":0,"37":8,"38":2,"39":1,"40":1,"41":3,"42":3,"43":0,"44":3,"45":0,"46":3,"47":3,"48":12,"49":3,"50":0,"51":0,"52":1},"f":{"0":3,"1":12,"2":0,"3":3,"4":2,"5":1,"6":3,"7":0,"8":0},"b":{"0":[0],"1":[0],"2":[0,12],"3":[0,12],"4":[0,0],"5":[8,0],"6":[0],"7":[0],"8":[0,3],"9":[0,3]},"_coverageSchema":"1a1c01bbd47fc00a2c39e90264f33305004495a9","hash":"43aab405c6c403696de622da3f1329c801b308af"}
,"/home/admin/projects/annsight-data-manager/src/pipeline/etl-service.js": {"path":"/home/admin/projects/annsight-data-manager/src/pipeline/etl-service.js","statementMap":{"0":{"start":{"line":1,"column":53},"end":{"line":1,"column":79}},"1":{"start":{"line":2,"column":36},"end":{"line":2,"column":59}},"2":{"start":{"line":3,"column":32},"end":{"line":3,"column":80}},"3":{"start":{"line":4,"column":31},"end":{"line":4,"column":78}},"4":{"start":{"line":7,"column":37},"end":{"line":7,"column":95}},"5":{"start":{"line":8,"column":36},"end":{"line":8,"column":92}},"6":{"start":{"line":20,"column":8},"end":{"line":20,"column":25}},"7":{"start":{"line":21,"column":8},"end":{"line":21,"column":31}},"8":{"start":{"line":22,"column":8},"end":{"line":22,"column":59}},"9":{"start":{"line":23,"column":8},"end":{"line":23,"column":61}},"10":{"start":{"line":24,"column":8},"end":{"line":24,"column":53}},"11":{"start":{"line":27,"column":8},"end":{"line":27,"column":37}},"12":{"start":{"line":35,"column":8},"end":{"line":40,"column":9}},"13":{"start":{"line":36,"column":12},"end":{"line":39,"column":15}},"14":{"start":{"line":41,"column":8},"end":{"line":41,"column":37}},"15":{"start":{"line":50,"column":8},"end":{"line":110,"column":9}},"16":{"start":{"line":52,"column":28},"end":{"line":52,"column":66}},"17":{"start":{"line":53,"column":12},"end":{"line":59,"column":13}},"18":{"start":{"line":54,"column":16},"end":{"line":58,"column":18}},"19":{"start":{"line":62,"column":29},"end":{"line":62,"column":52}},"20":{"start":{"line":63,"column":12},"end":{"line":66,"column":13}},"21":{"start":{"line":65,"column":16},"end":{"line":65,"column":32}},"22":{"start":{"line":69,"column":31},"end":{"line":69,"column":52}},"23":{"start":{"line":71,"column":29},"end":{"line":71,"column":76}},"24":{"start":{"line":74,"column":27},"end":{"line":78,"column":14}},"25":{"start":{"line":81,"column":12},"end":{"line":89,"column":13}},"26":{"start":{"line":82,"column":16},"end":{"line":82,"column":90}},"27":{"start":{"line":83,"column":16},"end":{"line":88,"column":18}},"28":{"start":{"line":92,"column":36},"end":{"line":95,"column":14}},"29":{"start":{"line":97,"column":12},"end":{"line":102,"column":14}},"30":{"start":{"line":104,"column":12},"end":{"line":104,"column":58}},"31":{"start":{"line":105,"column":12},"end":{"line":109,"column":14}},"32":{"start":{"line":119,"column":22},"end":{"line":125,"column":9}},"33":{"start":{"line":127,"column":8},"end":{"line":138,"column":9}},"34":{"start":{"line":128,"column":27},"end":{"line":128,"column":63}},"35":{"start":{"line":129,"column":12},"end":{"line":129,"column":39}},"36":{"start":{"line":131,"column":12},"end":{"line":137,"column":13}},"37":{"start":{"line":132,"column":16},"end":{"line":132,"column":32}},"38":{"start":{"line":133,"column":19},"end":{"line":137,"column":13}},"39":{"start":{"line":134,"column":16},"end":{"line":134,"column":34}},"40":{"start":{"line":136,"column":16},"end":{"line":136,"column":31}},"41":{"start":{"line":140,"column":8},"end":{"line":140,"column":21}},"42":{"start":{"line":160,"column":12},"end":{"line":160,"column":19}},"43":{"start":{"line":163,"column":29},"end":{"line":163,"column":31}},"44":{"start":{"line":164,"column":29},"end":{"line":164,"column":81}},"45":{"start":{"line":166,"column":30},"end":{"line":185,"column":10}},"46":{"start":{"line":187,"column":8},"end":{"line":187,"column":32}},"47":{"start":{"line":197,"column":8},"end":{"line":237,"column":9}},"48":{"start":{"line":199,"column":31},"end":{"line":199,"column":52}},"49":{"start":{"line":201,"column":29},"end":{"line":201,"column":76}},"50":{"start":{"line":204,"column":27},"end":{"line":208,"column":14}},"51":{"start":{"line":211,"column":12},"end":{"line":217,"column":13}},"52":{"start":{"line":212,"column":16},"end":{"line":216,"column":18}},"53":{"start":{"line":220,"column":36},"end":{"line":223,"column":14}},"54":{"start":{"line":225,"column":12},"end":{"line":230,"column":14}},"55":{"start":{"line":232,"column":12},"end":{"line":232,"column":44}},"56":{"start":{"line":233,"column":12},"end":{"line":236,"column":14}},"57":{"start":{"line":241,"column":0},"end":{"line":241,"column":32}}},"fnMap":{"0":{"name":"(anonymous_0)","decl":{"start":{"line":19,"column":4},"end":{"line":19,"column":5}},"loc":{"start":{"line":19,"column":36},"end":{"line":28,"column":5}},"line":19},"1":{"name":"(anonymous_1)","decl":{"start":{"line":34,"column":4},"end":{"line":34,"column":5}},"loc":{"start":{"line":34,"column":21},"end":{"line":42,"column":5}},"line":34},"2":{"name":"(anonymous_2)","decl":{"start":{"line":49,"column":4},"end":{"line":49,"column":5}},"loc":{"start":{"line":49,"column":36},"end":{"line":111,"column":5}},"line":49},"3":{"name":"(anonymous_3)","decl":{"start":{"line":118,"column":4},"end":{"line":118,"column":5}},"loc":{"start":{"line":118,"column":35},"end":{"line":141,"column":5}},"line":118},"4":{"name":"(anonymous_4)","decl":{"start":{"line":146,"column":4},"end":{"line":146,"column":5}},"loc":{"start":{"line":146,"column":37},"end":{"line":188,"column":5}},"line":146},"5":{"name":"(anonymous_5)","decl":{"start":{"line":196,"column":4},"end":{"line":196,"column":5}},"loc":{"start":{"line":196,"column":43},"end":{"line":238,"column":5}},"line":196}},"branchMap":{"0":{"loc":{"start":{"line":7,"column":37},"end":{"line":7,"column":95}},"type":"binary-expr","locations":[{"start":{"line":7,"column":37},"end":{"line":7,"column":68}},{"start":{"line":7,"column":72},"end":{"line":7,"column":95}}],"line":7},"1":{"loc":{"start":{"line":8,"column":36},"end":{"line":8,"column":92}},"type":"binary-expr","locations":[{"start":{"line":8,"column":36},"end":{"line":8,"column":66}},{"start":{"line":8,"column":70},"end":{"line":8,"column":92}}],"line":8},"2":{"loc":{"start":{"line":19,"column":22},"end":{"line":19,"column":34}},"type":"default-arg","locations":[{"start":{"line":19,"column":32},"end":{"line":19,"column":34}}],"line":19},"3":{"loc":{"start":{"line":35,"column":8},"end":{"line":40,"column":9}},"type":"if","locations":[{"start":{"line":35,"column":8},"end":{"line":40,"column":9}},{"start":{},"end":{}}],"line":35},"4":{"loc":{"start":{"line":53,"column":12},"end":{"line":59,"column":13}},"type":"if","locations":[{"start":{"line":53,"column":12},"end":{"line":59,"column":13}},{"start":{},"end":{}}],"line":53},"5":{"loc":{"start":{"line":63,"column":12},"end":{"line":66,"column":13}},"type":"if","locations":[{"start":{"line":63,"column":12},"end":{"line":66,"column":13}},{"start":{},"end":{}}],"line":63},"6":{"loc":{"start":{"line":63,"column":16},"end":{"line":63,"column":57}},"type":"binary-expr","locations":[{"start":{"line":63,"column":16},"end":{"line":63,"column":27}},{"start":{"line":63,"column":31},"end":{"line":63,"column":57}}],"line":63},"7":{"loc":{"start":{"line":81,"column":12},"end":{"line":89,"column":13}},"type":"if","locations":[{"start":{"line":81,"column":12},"end":{"line":89,"column":13}},{"start":{},"end":{}}],"line":81},"8":{"loc":{"start":{"line":131,"column":12},"end":{"line":137,"column":13}},"type":"if","locations":[{"start":{"line":131,"column":12},"end":{"line":137,"column":13}},{"start":{"line":133,"column":19},"end":{"line":137,"column":13}}],"line":131},"9":{"loc":{"start":{"line":133,"column":19},"end":{"line":137,"column":13}},"type":"if","locations":[{"start":{"line":133,"column":19},"end":{"line":137,"column":13}},{"start":{"line":135,"column":19},"end":{"line":137,"column":13}}],"line":133},"10":{"loc":{"start":{"line":196,"column":28},"end":{"line":196,"column":41}},"type":"default-arg","locations":[{"start":{"line":196,"column":39},"end":{"line":196,"column":41}}],"line":196},"11":{"loc":{"start":{"line":206,"column":28},"end":{"line":206,"column":55}},"type":"binary-expr","locations":[{"start":{"line":206,"column":28},"end":{"line":206,"column":43}},{"start":{"line":206,"column":47},"end":{"line":206,"column":55}}],"line":206},"12":{"loc":{"start":{"line":207,"column":25},"end":{"line":207,"column":53}},"type":"binary-expr","locations":[{"start":{"line":207,"column":25},"end":{"line":207,"column":41}},{"start":{"line":207,"column":45},"end":{"line":207,"column":53}}],"line":207},"13":{"loc":{"start":{"line":211,"column":12},"end":{"line":217,"column":13}},"type":"if","locations":[{"start":{"line":211,"column":12},"end":{"line":217,"column":13}},{"start":{},"end":{}}],"line":211}},"s":{"0":1,"1":1,"2":1,"3":1,"4":1,"5":1,"6":1,"7":1,"8":1,"9":1,"10":1,"11":1,"12":3,"13":1,"14":3,"15":1,"16":1,"17":1,"18":1,"19":0,"20":0,"21":0,"22":0,"23":0,"24":0,"25":0,"26":0,"27":0,"28":0,"29":0,"30":0,"31":0,"32":0,"33":0,"34":0,"35":0,"36":0,"37":0,"38":0,"39":0,"40":0,"41":0,"42":2,"43":2,"44":2,"45":2,"46":2,"47":3,"48":3,"49":3,"50":3,"51":3,"52":1,"53":2,"54":2,"55":0,"56":0,"57":1},"f":{"0":1,"1":3,"2":1,"3":0,"4":2,"5":3},"b":{"0":[1,1],"1":[1,1],"2":[1],"3":[1,2],"4":[1,0],"5":[0,0],"6":[0,0],"7":[0,0],"8":[0,0],"9":[0,0],"10":[2],"11":[3,2],"12":[3,2],"13":[1,2]},"_coverageSchema":"1a1c01bbd47fc00a2c39e90264f33305004495a9","hash":"42cc40937e2add8da109e001df853e443455ca00"}
,"/home/admin/projects/annsight-data-manager/src/pipeline/processors/dedup.js": {"path":"/home/admin/projects/annsight-data-manager/src/pipeline/processors/dedup.js","statementMap":{"0":{"start":{"line":1,"column":26},"end":{"line":1,"column":44}},"1":{"start":{"line":2,"column":15},"end":{"line":2,"column":32}},"2":{"start":{"line":5,"column":14},"end":{"line":5,"column":18}},"3":{"start":{"line":6,"column":10},"end":{"line":6,"column":14}},"4":{"start":{"line":7,"column":23},"end":{"line":7,"column":28}},"5":{"start":{"line":10,"column":4},"end":{"line":10,"column":38}},"6":{"start":{"line":10,"column":26},"end":{"line":10,"column":38}},"7":{"start":{"line":12,"column":4},"end":{"line":22,"column":5}},"8":{"start":{"line":14,"column":26},"end":{"line":14,"column":51}},"9":{"start":{"line":15,"column":8},"end":{"line":15,"column":57}},"10":{"start":{"line":16,"column":8},"end":{"line":16,"column":28}},"11":{"start":{"line":17,"column":8},"end":{"line":17,"column":32}},"12":{"start":{"line":18,"column":8},"end":{"line":18,"column":20}},"13":{"start":{"line":20,"column":8},"end":{"line":20,"column":73}},"14":{"start":{"line":21,"column":8},"end":{"line":21,"column":21}},"15":{"start":{"line":31,"column":8},"end":{"line":31,"column":16}},"16":{"start":{"line":33,"column":8},"end":{"line":33,"column":24}},"17":{"start":{"line":34,"column":8},"end":{"line":45,"column":10}},"18":{"start":{"line":49,"column":8},"end":{"line":49,"column":23}},"19":{"start":{"line":56,"column":8},"end":{"line":58,"column":9}},"20":{"start":{"line":57,"column":12},"end":{"line":57,"column":19}},"21":{"start":{"line":61,"column":8},"end":{"line":63,"column":9}},"22":{"start":{"line":62,"column":12},"end":{"line":62,"column":19}},"23":{"start":{"line":65,"column":27},"end":{"line":65,"column":46}},"24":{"start":{"line":67,"column":8},"end":{"line":81,"column":9}},"25":{"start":{"line":68,"column":12},"end":{"line":71,"column":15}},"26":{"start":{"line":74,"column":12},"end":{"line":76,"column":13}},"27":{"start":{"line":75,"column":16},"end":{"line":75,"column":52}},"28":{"start":{"line":79,"column":12},"end":{"line":79,"column":38}},"29":{"start":{"line":80,"column":12},"end":{"line":80,"column":49}},"30":{"start":{"line":88,"column":8},"end":{"line":108,"column":9}},"31":{"start":{"line":89,"column":27},"end":{"line":91,"column":14}},"32":{"start":{"line":93,"column":12},"end":{"line":103,"column":13}},"33":{"start":{"line":94,"column":16},"end":{"line":102,"column":17}},"34":{"start":{"line":96,"column":36},"end":{"line":98,"column":21}},"35":{"start":{"line":99,"column":20},"end":{"line":99,"column":58}},"36":{"start":{"line":101,"column":20},"end":{"line":101,"column":69}},"37":{"start":{"line":105,"column":12},"end":{"line":105,"column":65}},"38":{"start":{"line":107,"column":12},"end":{"line":107,"column":60}},"39":{"start":{"line":112,"column":8},"end":{"line":112,"column":29}},"40":{"start":{"line":114,"column":40},"end":{"line":114,"column":47}},"41":{"start":{"line":116,"column":8},"end":{"line":118,"column":9}},"42":{"start":{"line":117,"column":12},"end":{"line":117,"column":40}},"43":{"start":{"line":121,"column":8},"end":{"line":171,"column":9}},"44":{"start":{"line":123,"column":28},"end":{"line":123,"column":60}},"45":{"start":{"line":124,"column":28},"end":{"line":124,"column":51}},"46":{"start":{"line":126,"column":12},"end":{"line":134,"column":13}},"47":{"start":{"line":128,"column":16},"end":{"line":133,"column":18}},"48":{"start":{"line":137,"column":12},"end":{"line":144,"column":13}},"49":{"start":{"line":138,"column":16},"end":{"line":138,"column":49}},"50":{"start":{"line":141,"column":16},"end":{"line":143,"column":17}},"51":{"start":{"line":142,"column":20},"end":{"line":142,"column":68}},"52":{"start":{"line":146,"column":12},"end":{"line":149,"column":14}},"53":{"start":{"line":152,"column":24},"end":{"line":152,"column":52}},"54":{"start":{"line":154,"column":12},"end":{"line":161,"column":13}},"55":{"start":{"line":155,"column":16},"end":{"line":160,"column":18}},"56":{"start":{"line":164,"column":12},"end":{"line":164,"column":50}},"57":{"start":{"line":166,"column":12},"end":{"line":170,"column":14}},"58":{"start":{"line":178,"column":18},"end":{"line":178,"column":65}},"59":{"start":{"line":181,"column":22},"end":{"line":181,"column":41}},"60":{"start":{"line":183,"column":8},"end":{"line":185,"column":9}},"61":{"start":{"line":184,"column":12},"end":{"line":184,"column":27}},"62":{"start":{"line":187,"column":8},"end":{"line":187,"column":17}},"63":{"start":{"line":196,"column":24},"end":{"line":196,"column":63}},"64":{"start":{"line":200,"column":22},"end":{"line":200,"column":24}},"65":{"start":{"line":203,"column":8},"end":{"line":205,"column":9}},"66":{"start":{"line":203,"column":21},"end":{"line":203,"column":22}},"67":{"start":{"line":204,"column":12},"end":{"line":204,"column":35}},"68":{"start":{"line":208,"column":8},"end":{"line":210,"column":9}},"69":{"start":{"line":208,"column":21},"end":{"line":208,"column":22}},"70":{"start":{"line":209,"column":12},"end":{"line":209,"column":48}},"71":{"start":{"line":212,"column":8},"end":{"line":212,"column":21}},"72":{"start":{"line":219,"column":8},"end":{"line":235,"column":9}},"73":{"start":{"line":220,"column":34},"end":{"line":220,"column":73}},"74":{"start":{"line":221,"column":32},"end":{"line":221,"column":70}},"75":{"start":{"line":223,"column":12},"end":{"line":232,"column":15}},"76":{"start":{"line":234,"column":12},"end":{"line":234,"column":59}},"77":{"start":{"line":242,"column":23},"end":{"line":242,"column":40}},"78":{"start":{"line":244,"column":8},"end":{"line":244,"column":67}},"79":{"start":{"line":251,"column":8},"end":{"line":253,"column":9}},"80":{"start":{"line":252,"column":12},"end":{"line":252,"column":24}},"81":{"start":{"line":256,"column":29},"end":{"line":256,"column":31}},"82":{"start":{"line":259,"column":8},"end":{"line":259,"column":28}},"83":{"start":{"line":263,"column":8},"end":{"line":263,"column":20}},"84":{"start":{"line":267,"column":0},"end":{"line":267,"column":36}}},"fnMap":{"0":{"name":"initMinHash","decl":{"start":{"line":9,"column":15},"end":{"line":9,"column":26}},"loc":{"start":{"line":9,"column":29},"end":{"line":23,"column":1}},"line":9},"1":{"name":"(anonymous_1)","decl":{"start":{"line":30,"column":4},"end":{"line":30,"column":5}},"loc":{"start":{"line":30,"column":30},"end":{"line":46,"column":5}},"line":30},"2":{"name":"(anonymous_2)","decl":{"start":{"line":48,"column":4},"end":{"line":48,"column":5}},"loc":{"start":{"line":48,"column":14},"end":{"line":50,"column":5}},"line":48},"3":{"name":"(anonymous_3)","decl":{"start":{"line":55,"column":4},"end":{"line":55,"column":5}},"loc":{"start":{"line":55,"column":20},"end":{"line":82,"column":5}},"line":55},"4":{"name":"(anonymous_4)","decl":{"start":{"line":87,"column":4},"end":{"line":87,"column":5}},"loc":{"start":{"line":87,"column":35},"end":{"line":109,"column":5}},"line":87},"5":{"name":"(anonymous_5)","decl":{"start":{"line":111,"column":4},"end":{"line":111,"column":5}},"loc":{"start":{"line":111,"column":27},"end":{"line":172,"column":5}},"line":111},"6":{"name":"(anonymous_6)","decl":{"start":{"line":177,"column":4},"end":{"line":177,"column":5}},"loc":{"start":{"line":177,"column":25},"end":{"line":188,"column":5}},"line":177},"7":{"name":"(anonymous_7)","decl":{"start":{"line":194,"column":4},"end":{"line":194,"column":5}},"loc":{"start":{"line":194,"column":19},"end":{"line":213,"column":5}},"line":194},"8":{"name":"(anonymous_8)","decl":{"start":{"line":218,"column":4},"end":{"line":218,"column":5}},"loc":{"start":{"line":218,"column":47},"end":{"line":236,"column":5}},"line":218},"9":{"name":"(anonymous_9)","decl":{"start":{"line":241,"column":4},"end":{"line":241,"column":5}},"loc":{"start":{"line":241,"column":21},"end":{"line":245,"column":5}},"line":241},"10":{"name":"(anonymous_10)","decl":{"start":{"line":250,"column":4},"end":{"line":250,"column":5}},"loc":{"start":{"line":250,"column":25},"end":{"line":260,"column":5}},"line":250},"11":{"name":"(anonymous_11)","decl":{"start":{"line":262,"column":4},"end":{"line":262,"column":5}},"loc":{"start":{"line":262,"column":17},"end":{"line":264,"column":5}},"line":262}},"branchMap":{"0":{"loc":{"start":{"line":10,"column":4},"end":{"line":10,"column":38}},"type":"if","locations":[{"start":{"line":10,"column":4},"end":{"line":10,"column":38}},{"start":{},"end":{}}],"line":10},"1":{"loc":{"start":{"line":15,"column":18},"end":{"line":15,"column":56}},"type":"binary-expr","locations":[{"start":{"line":15,"column":18},"end":{"line":15,"column":35}},{"start":{"line":15,"column":39},"end":{"line":15,"column":56}}],"line":15},"2":{"loc":{"start":{"line":30,"column":16},"end":{"line":30,"column":28}},"type":"default-arg","locations":[{"start":{"line":30,"column":26},"end":{"line":30,"column":28}}],"line":30},"3":{"loc":{"start":{"line":36,"column":23},"end":{"line":36,"column":48}},"type":"binary-expr","locations":[{"start":{"line":36,"column":23},"end":{"line":36,"column":40}},{"start":{"line":36,"column":44},"end":{"line":36,"column":48}}],"line":36},"4":{"loc":{"start":{"line":38,"column":21},"end":{"line":38,"column":43}},"type":"binary-expr","locations":[{"start":{"line":38,"column":21},"end":{"line":38,"column":36}},{"start":{"line":38,"column":40},"end":{"line":38,"column":43}}],"line":38},"5":{"loc":{"start":{"line":40,"column":19},"end":{"line":40,"column":40}},"type":"binary-expr","locations":[{"start":{"line":40,"column":19},"end":{"line":40,"column":32}},{"start":{"line":40,"column":36},"end":{"line":40,"column":40}}],"line":40},"6":{"loc":{"start":{"line":42,"column":30},"end":{"line":42,"column":63}},"type":"binary-expr","locations":[{"start":{"line":42,"column":30},"end":{"line":42,"column":54}},{"start":{"line":42,"column":58},"end":{"line":42,"column":63}}],"line":42},"7":{"loc":{"start":{"line":56,"column":8},"end":{"line":58,"column":9}},"type":"if","locations":[{"start":{"line":56,"column":8},"end":{"line":58,"column":9}},{"start":{},"end":{}}],"line":56},"8":{"loc":{"start":{"line":61,"column":8},"end":{"line":63,"column":9}},"type":"if","locations":[{"start":{"line":61,"column":8},"end":{"line":63,"column":9}},{"start":{},"end":{}}],"line":61},"9":{"loc":{"start":{"line":67,"column":8},"end":{"line":81,"column":9}},"type":"if","locations":[{"start":{"line":67,"column":8},"end":{"line":81,"column":9}},{"start":{"line":77,"column":15},"end":{"line":81,"column":9}}],"line":67},"10":{"loc":{"start":{"line":67,"column":12},"end":{"line":67,"column":29}},"type":"binary-expr","locations":[{"start":{"line":67,"column":12},"end":{"line":67,"column":22}},{"start":{"line":67,"column":26},"end":{"line":67,"column":29}}],"line":67},"11":{"loc":{"start":{"line":74,"column":12},"end":{"line":76,"column":13}},"type":"if","locations":[{"start":{"line":74,"column":12},"end":{"line":76,"column":13}},{"start":{},"end":{}}],"line":74},"12":{"loc":{"start":{"line":74,"column":16},"end":{"line":74,"column":66}},"type":"binary-expr","locations":[{"start":{"line":74,"column":16},"end":{"line":74,"column":45}},{"start":{"line":74,"column":49},"end":{"line":74,"column":66}}],"line":74},"13":{"loc":{"start":{"line":116,"column":8},"end":{"line":118,"column":9}},"type":"if","locations":[{"start":{"line":116,"column":8},"end":{"line":118,"column":9}},{"start":{},"end":{}}],"line":116},"14":{"loc":{"start":{"line":121,"column":8},"end":{"line":171,"column":9}},"type":"if","locations":[{"start":{"line":121,"column":8},"end":{"line":171,"column":9}},{"start":{"line":150,"column":15},"end":{"line":171,"column":9}}],"line":121},"15":{"loc":{"start":{"line":126,"column":12},"end":{"line":134,"column":13}},"type":"if","locations":[{"start":{"line":126,"column":12},"end":{"line":134,"column":13}},{"start":{},"end":{}}],"line":126},"16":{"loc":{"start":{"line":137,"column":12},"end":{"line":144,"column":13}},"type":"if","locations":[{"start":{"line":137,"column":12},"end":{"line":144,"column":13}},{"start":{},"end":{}}],"line":137},"17":{"loc":{"start":{"line":141,"column":16},"end":{"line":143,"column":17}},"type":"if","locations":[{"start":{"line":141,"column":16},"end":{"line":143,"column":17}},{"start":{},"end":{}}],"line":141},"18":{"loc":{"start":{"line":141,"column":20},"end":{"line":141,"column":70}},"type":"binary-expr","locations":[{"start":{"line":141,"column":20},"end":{"line":141,"column":49}},{"start":{"line":141,"column":53},"end":{"line":141,"column":70}}],"line":141},"19":{"loc":{"start":{"line":154,"column":12},"end":{"line":161,"column":13}},"type":"if","locations":[{"start":{"line":154,"column":12},"end":{"line":161,"column":13}},{"start":{},"end":{}}],"line":154},"20":{"loc":{"start":{"line":164,"column":35},"end":{"line":164,"column":48}},"type":"binary-expr","locations":[{"start":{"line":164,"column":35},"end":{"line":164,"column":41}},{"start":{"line":164,"column":45},"end":{"line":164,"column":48}}],"line":164},"21":{"loc":{"start":{"line":251,"column":8},"end":{"line":253,"column":9}},"type":"if","locations":[{"start":{"line":251,"column":8},"end":{"line":253,"column":9}},{"start":{},"end":{}}],"line":251}},"s":{"0":1,"1":1,"2":1,"3":1,"4":1,"5":1,"6":0,"7":1,"8":1,"9":0,"10":0,"11":0,"12":0,"13":1,"14":1,"15":1,"16":1,"17":1,"18":0,"19":3,"20":0,"21":3,"22":2,"23":1,"24":1,"25":0,"26":0,"27":0,"28":1,"29":1,"30":0,"31":0,"32":0,"33":0,"34":0,"35":0,"36":0,"37":0,"38":0,"39":3,"40":3,"41":3,"42":0,"43":3,"44":0,"45":0,"46":0,"47":0,"48":0,"49":0,"50":0,"51":0,"52":0,"53":3,"54":3,"55":1,"56":2,"57":2,"58":0,"59":0,"60":0,"61":0,"62":0,"63":0,"64":0,"65":0,"66":0,"67":0,"68":0,"69":0,"70":0,"71":0,"72":0,"73":0,"74":0,"75":0,"76":0,"77":3,"78":3,"79":0,"80":0,"81":0,"82":0,"83":0,"84":1},"f":{"0":1,"1":1,"2":0,"3":3,"4":0,"5":3,"6":0,"7":0,"8":0,"9":3,"10":0,"11":0},"b":{"0":[0,1],"1":[0,0],"2":[0],"3":[1,0],"4":[1,0],"5":[1,1],"6":[1,0],"7":[0,3],"8":[2,1],"9":[0,1],"10":[1,0],"11":[0,0],"12":[0,0],"13":[0,3],"14":[0,3],"15":[0,0],"16":[0,0],"17":[0,0],"18":[0,0],"19":[1,2],"20":[2,2],"21":[0,0]},"_coverageSchema":"1a1c01bbd47fc00a2c39e90264f33305004495a9","hash":"6a110b37db7329bcfaa243af0755c927d0e3b79b"}
,"/home/admin/projects/annsight-data-manager/src/pipeline/processors/index.js": {"path":"/home/admin/projects/annsight-data-manager/src/pipeline/processors/index.js","statementMap":{"0":{"start":{"line":6,"column":29},"end":{"line":6,"column":50}},"1":{"start":{"line":7,"column":49},"end":{"line":7,"column":74}},"2":{"start":{"line":8,"column":32},"end":{"line":8,"column":56}},"3":{"start":{"line":9,"column":27},"end":{"line":9,"column":45}},"4":{"start":{"line":12,"column":27},"end":{"line":17,"column":1}},"5":{"start":{"line":25,"column":23},"end":{"line":25,"column":65}},"6":{"start":{"line":26,"column":25},"end":{"line":31,"column":5}},"7":{"start":{"line":33,"column":4},"end":{"line":38,"column":6}},"8":{"start":{"line":47,"column":4},"end":{"line":47,"column":46}},"9":{"start":{"line":55,"column":4},"end":{"line":55,"column":43}},"10":{"start":{"line":58,"column":0},"end":{"line":63,"column":2}}},"fnMap":{"0":{"name":"createDefaultProcessors","decl":{"start":{"line":24,"column":9},"end":{"line":24,"column":32}},"loc":{"start":{"line":24,"column":47},"end":{"line":39,"column":1}},"line":24},"1":{"name":"registerProcessor","decl":{"start":{"line":46,"column":9},"end":{"line":46,"column":26}},"loc":{"start":{"line":46,"column":49},"end":{"line":48,"column":1}},"line":46},"2":{"name":"getAvailableProcessors","decl":{"start":{"line":54,"column":9},"end":{"line":54,"column":31}},"loc":{"start":{"line":54,"column":34},"end":{"line":56,"column":1}},"line":54}},"branchMap":{"0":{"loc":{"start":{"line":24,"column":33},"end":{"line":24,"column":45}},"type":"default-arg","locations":[{"start":{"line":24,"column":43},"end":{"line":24,"column":45}}],"line":24},"1":{"loc":{"start":{"line":25,"column":23},"end":{"line":25,"column":65}},"type":"binary-expr","locations":[{"start":{"line":25,"column":23},"end":{"line":25,"column":41}},{"start":{"line":25,"column":45},"end":{"line":25,"column":65}}],"line":25},"2":{"loc":{"start":{"line":27,"column":26},"end":{"line":27,"column":59}},"type":"binary-expr","locations":[{"start":{"line":27,"column":26},"end":{"line":27,"column":50}},{"start":{"line":27,"column":54},"end":{"line":27,"column":59}}],"line":27},"3":{"loc":{"start":{"line":29,"column":19},"end":{"line":29,"column":49}},"type":"binary-expr","locations":[{"start":{"line":29,"column":19},"end":{"line":29,"column":41}},{"start":{"line":29,"column":45},"end":{"line":29,"column":49}}],"line":29},"4":{"loc":{"start":{"line":30,"column":17},"end":{"line":30,"column":39}},"type":"binary-expr","locations":[{"start":{"line":30,"column":17},"end":{"line":30,"column":32}},{"start":{"line":30,"column":36},"end":{"line":30,"column":39}}],"line":30}},"s":{"0":1,"1":1,"2":1,"3":1,"4":1,"5":1,"6":1,"7":1,"8":0,"9":0,"10":1},"f":{"0":1,"1":0,"2":0},"b":{"0":[0],"1":[1,1],"2":[1,0],"3":[1,1],"4":[1,1]},"_coverageSchema":"1a1c01bbd47fc00a2c39e90264f33305004495a9","hash":"5ba44df6a546d5a47847b9a9355bb2c89ac3defd"}
,"/home/admin/projects/annsight-data-manager/src/pipeline/processors/l1-clean.js": {"path":"/home/admin/projects/annsight-data-manager/src/pipeline/processors/l1-clean.js","statementMap":{"0":{"start":{"line":1,"column":26},"end":{"line":1,"column":44}},"1":{"start":{"line":9,"column":8},"end":{"line":9,"column":26}},"2":{"start":{"line":13,"column":40},"end":{"line":13,"column":47}},"3":{"start":{"line":15,"column":21},"end":{"line":15,"column":42}},"4":{"start":{"line":16,"column":8},"end":{"line":18,"column":9}},"5":{"start":{"line":17,"column":12},"end":{"line":17,"column":42}},"6":{"start":{"line":21,"column":23},"end":{"line":21,"column":44}},"7":{"start":{"line":24,"column":24},"end":{"line":24,"column":48}},"8":{"start":{"line":27,"column":28},"end":{"line":27,"column":57}},"9":{"start":{"line":30,"column":27},"end":{"line":30,"column":64}},"10":{"start":{"line":33,"column":24},"end":{"line":33,"column":58}},"11":{"start":{"line":35,"column":8},"end":{"line":42,"column":10}},"12":{"start":{"line":49,"column":8},"end":{"line":55,"column":36}},"13":{"start":{"line":63,"column":27},"end":{"line":63,"column":80}},"14":{"start":{"line":64,"column":8},"end":{"line":64,"column":44}},"15":{"start":{"line":71,"column":27},"end":{"line":83,"column":9}},"16":{"start":{"line":85,"column":21},"end":{"line":85,"column":25}},"17":{"start":{"line":86,"column":8},"end":{"line":88,"column":9}},"18":{"start":{"line":87,"column":12},"end":{"line":87,"column":47}},"19":{"start":{"line":89,"column":8},"end":{"line":89,"column":29}},"20":{"start":{"line":96,"column":8},"end":{"line":106,"column":24}},"21":{"start":{"line":104,"column":25},"end":{"line":104,"column":36}},"22":{"start":{"line":105,"column":28},"end":{"line":105,"column":43}},"23":{"start":{"line":113,"column":8},"end":{"line":122,"column":33}},"24":{"start":{"line":126,"column":8},"end":{"line":126,"column":20}},"25":{"start":{"line":130,"column":0},"end":{"line":130,"column":38}}},"fnMap":{"0":{"name":"(anonymous_0)","decl":{"start":{"line":8,"column":4},"end":{"line":8,"column":5}},"loc":{"start":{"line":8,"column":14},"end":{"line":10,"column":5}},"line":8},"1":{"name":"(anonymous_1)","decl":{"start":{"line":12,"column":4},"end":{"line":12,"column":5}},"loc":{"start":{"line":12,"column":27},"end":{"line":43,"column":5}},"line":12},"2":{"name":"(anonymous_2)","decl":{"start":{"line":48,"column":4},"end":{"line":48,"column":5}},"loc":{"start":{"line":48,"column":21},"end":{"line":56,"column":5}},"line":48},"3":{"name":"(anonymous_3)","decl":{"start":{"line":61,"column":4},"end":{"line":61,"column":5}},"loc":{"start":{"line":61,"column":22},"end":{"line":65,"column":5}},"line":61},"4":{"name":"(anonymous_4)","decl":{"start":{"line":70,"column":4},"end":{"line":70,"column":5}},"loc":{"start":{"line":70,"column":26},"end":{"line":90,"column":5}},"line":70},"5":{"name":"(anonymous_5)","decl":{"start":{"line":95,"column":4},"end":{"line":95,"column":5}},"loc":{"start":{"line":95,"column":30},"end":{"line":107,"column":5}},"line":95},"6":{"name":"(anonymous_6)","decl":{"start":{"line":104,"column":17},"end":{"line":104,"column":18}},"loc":{"start":{"line":104,"column":25},"end":{"line":104,"column":36}},"line":104},"7":{"name":"(anonymous_7)","decl":{"start":{"line":105,"column":20},"end":{"line":105,"column":21}},"loc":{"start":{"line":105,"column":28},"end":{"line":105,"column":43}},"line":105},"8":{"name":"(anonymous_8)","decl":{"start":{"line":112,"column":4},"end":{"line":112,"column":5}},"loc":{"start":{"line":112,"column":28},"end":{"line":123,"column":5}},"line":112},"9":{"name":"(anonymous_9)","decl":{"start":{"line":125,"column":4},"end":{"line":125,"column":5}},"loc":{"start":{"line":125,"column":17},"end":{"line":127,"column":5}},"line":125}},"branchMap":{"0":{"loc":{"start":{"line":15,"column":21},"end":{"line":15,"column":42}},"type":"binary-expr","locations":[{"start":{"line":15,"column":21},"end":{"line":15,"column":31}},{"start":{"line":15,"column":35},"end":{"line":15,"column":42}}],"line":15},"1":{"loc":{"start":{"line":16,"column":8},"end":{"line":18,"column":9}},"type":"if","locations":[{"start":{"line":16,"column":8},"end":{"line":18,"column":9}},{"start":{},"end":{}}],"line":16}},"s":{"0":1,"1":0,"2":3,"3":3,"4":3,"5":0,"6":3,"7":3,"8":3,"9":3,"10":3,"11":3,"12":3,"13":3,"14":3,"15":3,"16":3,"17":3,"18":24,"19":3,"20":3,"21":3,"22":3,"23":3,"24":0,"25":1},"f":{"0":0,"1":3,"2":3,"3":3,"4":3,"5":3,"6":3,"7":3,"8":3,"9":0},"b":{"0":[3,3],"1":[0,3]},"_coverageSchema":"1a1c01bbd47fc00a2c39e90264f33305004495a9","hash":"1c9a8909c35149480f206bc026aee904072a910e"}
,"/home/admin/projects/annsight-data-manager/src/pipeline/processors/l2-structure.js": {"path":"/home/admin/projects/annsight-data-manager/src/pipeline/processors/l2-structure.js","statementMap":{"0":{"start":{"line":1,"column":26},"end":{"line":1,"column":44}},"1":{"start":{"line":12,"column":8},"end":{"line":12,"column":16}},"2":{"start":{"line":13,"column":8},"end":{"line":13,"column":37}},"3":{"start":{"line":17,"column":8},"end":{"line":17,"column":30}},"4":{"start":{"line":21,"column":44},"end":{"line":21,"column":51}},"5":{"start":{"line":23,"column":8},"end":{"line":25,"column":9}},"6":{"start":{"line":24,"column":12},"end":{"line":24,"column":42}},"7":{"start":{"line":28,"column":27},"end":{"line":31,"column":10}},"8":{"start":{"line":33,"column":8},"end":{"line":46,"column":10}},"9":{"start":{"line":50,"column":8},"end":{"line":50,"column":20}},"10":{"start":{"line":61,"column":29},"end":{"line":69,"column":9}},"11":{"start":{"line":72,"column":27},"end":{"line":72,"column":33}},"12":{"start":{"line":73,"column":23},"end":{"line":73,"column":24}},"13":{"start":{"line":75,"column":8},"end":{"line":81,"column":9}},"14":{"start":{"line":76,"column":26},"end":{"line":76,"column":71}},"15":{"start":{"line":76,"column":47},"end":{"line":76,"column":63}},"16":{"start":{"line":77,"column":12},"end":{"line":80,"column":13}},"17":{"start":{"line":78,"column":16},"end":{"line":78,"column":33}},"18":{"start":{"line":79,"column":16},"end":{"line":79,"column":36}},"19":{"start":{"line":83,"column":28},"end":{"line":91,"column":9}},"20":{"start":{"line":93,"column":27},"end":{"line":93,"column":62}},"21":{"start":{"line":94,"column":33},"end":{"line":94,"column":46}},"22":{"start":{"line":97,"column":26},"end":{"line":97,"column":58}},"23":{"start":{"line":98,"column":22},"end":{"line":98,"column":42}},"24":{"start":{"line":101,"column":24},"end":{"line":101,"column":67}},"25":{"start":{"line":103,"column":8},"end":{"line":114,"column":10}},"26":{"start":{"line":119,"column":25},"end":{"line":119,"column":50}},"27":{"start":{"line":120,"column":8},"end":{"line":120,"column":50}},"28":{"start":{"line":124,"column":0},"end":{"line":124,"column":58}}},"fnMap":{"0":{"name":"(anonymous_0)","decl":{"start":{"line":11,"column":4},"end":{"line":11,"column":5}},"loc":{"start":{"line":11,"column":28},"end":{"line":14,"column":5}},"line":11},"1":{"name":"(anonymous_1)","decl":{"start":{"line":16,"column":4},"end":{"line":16,"column":5}},"loc":{"start":{"line":16,"column":14},"end":{"line":18,"column":5}},"line":16},"2":{"name":"(anonymous_2)","decl":{"start":{"line":20,"column":4},"end":{"line":20,"column":5}},"loc":{"start":{"line":20,"column":27},"end":{"line":47,"column":5}},"line":20},"3":{"name":"(anonymous_3)","decl":{"start":{"line":49,"column":4},"end":{"line":49,"column":5}},"loc":{"start":{"line":49,"column":17},"end":{"line":51,"column":5}},"line":49},"4":{"name":"(anonymous_4)","decl":{"start":{"line":59,"column":4},"end":{"line":59,"column":5}},"loc":{"start":{"line":59,"column":38},"end":{"line":115,"column":5}},"line":59},"5":{"name":"(anonymous_5)","decl":{"start":{"line":76,"column":42},"end":{"line":76,"column":43}},"loc":{"start":{"line":76,"column":47},"end":{"line":76,"column":63}},"line":76},"6":{"name":"(anonymous_6)","decl":{"start":{"line":117,"column":4},"end":{"line":117,"column":5}},"loc":{"start":{"line":117,"column":22},"end":{"line":121,"column":5}},"line":117}},"branchMap":{"0":{"loc":{"start":{"line":23,"column":8},"end":{"line":25,"column":9}},"type":"if","locations":[{"start":{"line":23,"column":8},"end":{"line":25,"column":9}},{"start":{},"end":{}}],"line":23},"1":{"loc":{"start":{"line":41,"column":18},"end":{"line":41,"column":39}},"type":"binary-expr","locations":[{"start":{"line":41,"column":18},"end":{"line":41,"column":33}},{"start":{"line":41,"column":37},"end":{"line":41,"column":39}}],"line":41},"2":{"loc":{"start":{"line":42,"column":26},"end":{"line":42,"column":57}},"type":"binary-expr","locations":[{"start":{"line":42,"column":26},"end":{"line":42,"column":49}},{"start":{"line":42,"column":53},"end":{"line":42,"column":57}}],"line":42},"3":{"loc":{"start":{"line":43,"column":31},"end":{"line":43,"column":59}},"type":"binary-expr","locations":[{"start":{"line":43,"column":31},"end":{"line":43,"column":52}},{"start":{"line":43,"column":56},"end":{"line":43,"column":59}}],"line":43},"4":{"loc":{"start":{"line":44,"column":28},"end":{"line":44,"column":62}},"type":"binary-expr","locations":[{"start":{"line":44,"column":28},"end":{"line":44,"column":52}},{"start":{"line":44,"column":56},"end":{"line":44,"column":62}}],"line":44},"5":{"loc":{"start":{"line":45,"column":27},"end":{"line":45,"column":53}},"type":"binary-expr","locations":[{"start":{"line":45,"column":27},"end":{"line":45,"column":47}},{"start":{"line":45,"column":51},"end":{"line":45,"column":53}}],"line":45},"6":{"loc":{"start":{"line":59,"column":24},"end":{"line":59,"column":36}},"type":"default-arg","locations":[{"start":{"line":59,"column":34},"end":{"line":59,"column":36}}],"line":59},"7":{"loc":{"start":{"line":77,"column":12},"end":{"line":80,"column":13}},"type":"if","locations":[{"start":{"line":77,"column":12},"end":{"line":80,"column":13}},{"start":{},"end":{}}],"line":77},"8":{"loc":{"start":{"line":93,"column":27},"end":{"line":93,"column":62}},"type":"binary-expr","locations":[{"start":{"line":93,"column":27},"end":{"line":93,"column":52}},{"start":{"line":93,"column":56},"end":{"line":93,"column":62}}],"line":93},"9":{"loc":{"start":{"line":98,"column":22},"end":{"line":98,"column":42}},"type":"binary-expr","locations":[{"start":{"line":98,"column":22},"end":{"line":98,"column":31}},{"start":{"line":98,"column":35},"end":{"line":98,"column":42}}],"line":98},"10":{"loc":{"start":{"line":101,"column":24},"end":{"line":101,"column":67}},"type":"binary-expr","locations":[{"start":{"line":101,"column":24},"end":{"line":101,"column":59}},{"start":{"line":101,"column":63},"end":{"line":101,"column":67}}],"line":101},"11":{"loc":{"start":{"line":106,"column":25},"end":{"line":106,"column":46}},"type":"binary-expr","locations":[{"start":{"line":106,"column":25},"end":{"line":106,"column":38}},{"start":{"line":106,"column":42},"end":{"line":106,"column":46}}],"line":106},"12":{"loc":{"start":{"line":119,"column":25},"end":{"line":119,"column":50}},"type":"binary-expr","locations":[{"start":{"line":119,"column":25},"end":{"line":119,"column":44}},{"start":{"line":119,"column":48},"end":{"line":119,"column":50}}],"line":119}},"s":{"0":1,"1":1,"2":1,"3":0,"4":3,"5":3,"6":0,"7":3,"8":3,"9":0,"10":3,"11":3,"12":3,"13":3,"14":21,"15":87,"16":21,"17":1,"18":1,"19":3,"20":3,"21":3,"22":3,"23":3,"24":3,"25":3,"26":3,"27":3,"28":1},"f":{"0":1,"1":0,"2":3,"3":0,"4":3,"5":87,"6":3},"b":{"0":[0,3],"1":[3,0],"2":[3,3],"3":[3,0],"4":[3,0],"5":[3,0],"6":[0],"7":[1,20],"8":[3,0],"9":[3,0],"10":[3,2],"11":[3,0],"12":[3,3]},"_coverageSchema":"1a1c01bbd47fc00a2c39e90264f33305004495a9","hash":"8103677444870c0a0fa396c1edaea3116b9e5674"}
,"/home/admin/projects/annsight-data-manager/src/pipeline/processors/l3-evaluate.js": {"path":"/home/admin/projects/annsight-data-manager/src/pipeline/processors/l3-evaluate.js","statementMap":{"0":{"start":{"line":1,"column":26},"end":{"line":1,"column":44}},"1":{"start":{"line":9,"column":8},"end":{"line":9,"column":29}},"2":{"start":{"line":13,"column":60},"end":{"line":13,"column":67}},"3":{"start":{"line":15,"column":8},"end":{"line":17,"column":9}},"4":{"start":{"line":16,"column":12},"end":{"line":16,"column":40}},"5":{"start":{"line":20,"column":34},"end":{"line":20,"column":68}},"6":{"start":{"line":23,"column":34},"end":{"line":23,"column":68}},"7":{"start":{"line":26,"column":29},"end":{"line":26,"column":93}},"8":{"start":{"line":29,"column":21},"end":{"line":29,"column":85}},"9":{"start":{"line":31,"column":8},"end":{"line":36,"column":10}},"10":{"start":{"line":43,"column":76},"end":{"line":43,"column":83}},"11":{"start":{"line":44,"column":20},"end":{"line":44,"column":21}},"12":{"start":{"line":45,"column":23},"end":{"line":45,"column":24}},"13":{"start":{"line":48,"column":8},"end":{"line":48,"column":23}},"14":{"start":{"line":49,"column":8},"end":{"line":51,"column":9}},"15":{"start":{"line":50,"column":12},"end":{"line":50,"column":64}},"16":{"start":{"line":54,"column":8},"end":{"line":54,"column":23}},"17":{"start":{"line":55,"column":8},"end":{"line":57,"column":9}},"18":{"start":{"line":56,"column":12},"end":{"line":56,"column":24}},"19":{"start":{"line":60,"column":8},"end":{"line":60,"column":23}},"20":{"start":{"line":61,"column":8},"end":{"line":63,"column":9}},"21":{"start":{"line":62,"column":12},"end":{"line":62,"column":24}},"22":{"start":{"line":66,"column":8},"end":{"line":66,"column":23}},"23":{"start":{"line":67,"column":8},"end":{"line":67,"column":30}},"24":{"start":{"line":67,"column":18},"end":{"line":67,"column":30}},"25":{"start":{"line":68,"column":8},"end":{"line":68,"column":34}},"26":{"start":{"line":68,"column":22},"end":{"line":68,"column":34}},"27":{"start":{"line":71,"column":8},"end":{"line":71,"column":23}},"28":{"start":{"line":72,"column":8},"end":{"line":76,"column":9}},"29":{"start":{"line":73,"column":12},"end":{"line":73,"column":51}},"30":{"start":{"line":73,"column":40},"end":{"line":73,"column":51}},"31":{"start":{"line":74,"column":12},"end":{"line":74,"column":51}},"32":{"start":{"line":74,"column":40},"end":{"line":74,"column":51}},"33":{"start":{"line":75,"column":12},"end":{"line":75,"column":74}},"34":{"start":{"line":75,"column":63},"end":{"line":75,"column":74}},"35":{"start":{"line":78,"column":8},"end":{"line":78,"column":62}},"36":{"start":{"line":86,"column":38},"end":{"line":86,"column":45}},"37":{"start":{"line":87,"column":20},"end":{"line":87,"column":21}},"38":{"start":{"line":90,"column":30},"end":{"line":90,"column":80}},"39":{"start":{"line":91,"column":27},"end":{"line":91,"column":84}},"40":{"start":{"line":91,"column":53},"end":{"line":91,"column":76}},"41":{"start":{"line":92,"column":8},"end":{"line":94,"column":9}},"42":{"start":{"line":93,"column":12},"end":{"line":93,"column":51}},"43":{"start":{"line":97,"column":32},"end":{"line":97,"column":80}},"44":{"start":{"line":98,"column":29},"end":{"line":98,"column":88}},"45":{"start":{"line":98,"column":57},"end":{"line":98,"column":80}},"46":{"start":{"line":99,"column":8},"end":{"line":101,"column":9}},"47":{"start":{"line":100,"column":12},"end":{"line":100,"column":55}},"48":{"start":{"line":104,"column":28},"end":{"line":104,"column":34}},"49":{"start":{"line":105,"column":24},"end":{"line":105,"column":54}},"50":{"start":{"line":106,"column":8},"end":{"line":108,"column":9}},"51":{"start":{"line":107,"column":12},"end":{"line":107,"column":57}},"52":{"start":{"line":111,"column":8},"end":{"line":117,"column":9}},"53":{"start":{"line":112,"column":40},"end":{"line":112,"column":82}},"54":{"start":{"line":113,"column":35},"end":{"line":113,"column":89}},"55":{"start":{"line":113,"column":65},"end":{"line":113,"column":88}},"56":{"start":{"line":114,"column":12},"end":{"line":116,"column":13}},"57":{"start":{"line":115,"column":16},"end":{"line":115,"column":29}},"58":{"start":{"line":119,"column":8},"end":{"line":119,"column":59}},"59":{"start":{"line":127,"column":39},"end":{"line":127,"column":61}},"60":{"start":{"line":128,"column":22},"end":{"line":128,"column":71}},"61":{"start":{"line":129,"column":8},"end":{"line":129,"column":49}},"62":{"start":{"line":136,"column":22},"end":{"line":136,"column":24}},"63":{"start":{"line":138,"column":8},"end":{"line":140,"column":9}},"64":{"start":{"line":139,"column":12},"end":{"line":139,"column":43}},"65":{"start":{"line":142,"column":8},"end":{"line":146,"column":9}},"66":{"start":{"line":143,"column":12},"end":{"line":143,"column":43}},"67":{"start":{"line":144,"column":15},"end":{"line":146,"column":9}},"68":{"start":{"line":145,"column":12},"end":{"line":145,"column":45}},"69":{"start":{"line":148,"column":8},"end":{"line":150,"column":9}},"70":{"start":{"line":149,"column":12},"end":{"line":149,"column":45}},"71":{"start":{"line":152,"column":8},"end":{"line":152,"column":43}},"72":{"start":{"line":156,"column":8},"end":{"line":156,"column":20}},"73":{"start":{"line":160,"column":0},"end":{"line":160,"column":41}}},"fnMap":{"0":{"name":"(anonymous_0)","decl":{"start":{"line":8,"column":4},"end":{"line":8,"column":5}},"loc":{"start":{"line":8,"column":14},"end":{"line":10,"column":5}},"line":8},"1":{"name":"(anonymous_1)","decl":{"start":{"line":12,"column":4},"end":{"line":12,"column":5}},"loc":{"start":{"line":12,"column":27},"end":{"line":37,"column":5}},"line":12},"2":{"name":"(anonymous_2)","decl":{"start":{"line":42,"column":4},"end":{"line":42,"column":5}},"loc":{"start":{"line":42,"column":34},"end":{"line":79,"column":5}},"line":42},"3":{"name":"(anonymous_3)","decl":{"start":{"line":85,"column":4},"end":{"line":85,"column":5}},"loc":{"start":{"line":85,"column":34},"end":{"line":120,"column":5}},"line":85},"4":{"name":"(anonymous_4)","decl":{"start":{"line":91,"column":48},"end":{"line":91,"column":49}},"loc":{"start":{"line":91,"column":53},"end":{"line":91,"column":76}},"line":91},"5":{"name":"(anonymous_5)","decl":{"start":{"line":98,"column":52},"end":{"line":98,"column":53}},"loc":{"start":{"line":98,"column":57},"end":{"line":98,"column":80}},"line":98},"6":{"name":"(anonymous_6)","decl":{"start":{"line":113,"column":60},"end":{"line":113,"column":61}},"loc":{"start":{"line":113,"column":65},"end":{"line":113,"column":88}},"line":113},"7":{"name":"(anonymous_7)","decl":{"start":{"line":125,"column":4},"end":{"line":125,"column":5}},"loc":{"start":{"line":125,"column":54},"end":{"line":130,"column":5}},"line":125},"8":{"name":"(anonymous_8)","decl":{"start":{"line":135,"column":4},"end":{"line":135,"column":5}},"loc":{"start":{"line":135,"column":54},"end":{"line":153,"column":5}},"line":135},"9":{"name":"(anonymous_9)","decl":{"start":{"line":155,"column":4},"end":{"line":155,"column":5}},"loc":{"start":{"line":155,"column":17},"end":{"line":157,"column":5}},"line":155}},"branchMap":{"0":{"loc":{"start":{"line":15,"column":8},"end":{"line":17,"column":9}},"type":"if","locations":[{"start":{"line":15,"column":8},"end":{"line":17,"column":9}},{"start":{},"end":{}}],"line":15},"1":{"loc":{"start":{"line":49,"column":8},"end":{"line":51,"column":9}},"type":"if","locations":[{"start":{"line":49,"column":8},"end":{"line":51,"column":9}},{"start":{},"end":{}}],"line":49},"2":{"loc":{"start":{"line":49,"column":12},"end":{"line":49,"column":51}},"type":"binary-expr","locations":[{"start":{"line":49,"column":12},"end":{"line":49,"column":23}},{"start":{"line":49,"column":27},"end":{"line":49,"column":51}}],"line":49},"3":{"loc":{"start":{"line":55,"column":8},"end":{"line":57,"column":9}},"type":"if","locations":[{"start":{"line":55,"column":8},"end":{"line":57,"column":9}},{"start":{},"end":{}}],"line":55},"4":{"loc":{"start":{"line":55,"column":12},"end":{"line":55,"column":37}},"type":"binary-expr","locations":[{"start":{"line":55,"column":12},"end":{"line":55,"column":17}},{"start":{"line":55,"column":21},"end":{"line":55,"column":37}}],"line":55},"5":{"loc":{"start":{"line":61,"column":8},"end":{"line":63,"column":9}},"type":"if","locations":[{"start":{"line":61,"column":8},"end":{"line":63,"column":9}},{"start":{},"end":{}}],"line":61},"6":{"loc":{"start":{"line":61,"column":12},"end":{"line":61,"column":42}},"type":"binary-expr","locations":[{"start":{"line":61,"column":12},"end":{"line":61,"column":19}},{"start":{"line":61,"column":23},"end":{"line":61,"column":42}}],"line":61},"7":{"loc":{"start":{"line":67,"column":8},"end":{"line":67,"column":30}},"type":"if","locations":[{"start":{"line":67,"column":8},"end":{"line":67,"column":30}},{"start":{},"end":{}}],"line":67},"8":{"loc":{"start":{"line":68,"column":8},"end":{"line":68,"column":34}},"type":"if","locations":[{"start":{"line":68,"column":8},"end":{"line":68,"column":34}},{"start":{},"end":{}}],"line":68},"9":{"loc":{"start":{"line":72,"column":8},"end":{"line":76,"column":9}},"type":"if","locations":[{"start":{"line":72,"column":8},"end":{"line":76,"column":9}},{"start":{},"end":{}}],"line":72},"10":{"loc":{"start":{"line":73,"column":12},"end":{"line":73,"column":51}},"type":"if","locations":[{"start":{"line":73,"column":12},"end":{"line":73,"column":51}},{"start":{},"end":{}}],"line":73},"11":{"loc":{"start":{"line":74,"column":12},"end":{"line":74,"column":51}},"type":"if","locations":[{"start":{"line":74,"column":12},"end":{"line":74,"column":51}},{"start":{},"end":{}}],"line":74},"12":{"loc":{"start":{"line":75,"column":12},"end":{"line":75,"column":74}},"type":"if","locations":[{"start":{"line":75,"column":12},"end":{"line":75,"column":74}},{"start":{},"end":{}}],"line":75},"13":{"loc":{"start":{"line":75,"column":16},"end":{"line":75,"column":61}},"type":"binary-expr","locations":[{"start":{"line":75,"column":16},"end":{"line":75,"column":31}},{"start":{"line":75,"column":35},"end":{"line":75,"column":61}}],"line":75},"14":{"loc":{"start":{"line":92,"column":8},"end":{"line":94,"column":9}},"type":"if","locations":[{"start":{"line":92,"column":8},"end":{"line":94,"column":9}},{"start":{},"end":{}}],"line":92},"15":{"loc":{"start":{"line":99,"column":8},"end":{"line":101,"column":9}},"type":"if","locations":[{"start":{"line":99,"column":8},"end":{"line":101,"column":9}},{"start":{},"end":{}}],"line":99},"16":{"loc":{"start":{"line":106,"column":8},"end":{"line":108,"column":9}},"type":"if","locations":[{"start":{"line":106,"column":8},"end":{"line":108,"column":9}},{"start":{},"end":{}}],"line":106},"17":{"loc":{"start":{"line":106,"column":12},"end":{"line":106,"column":41}},"type":"binary-expr","locations":[{"start":{"line":106,"column":12},"end":{"line":106,"column":19}},{"start":{"line":106,"column":23},"end":{"line":106,"column":41}}],"line":106},"18":{"loc":{"start":{"line":111,"column":8},"end":{"line":117,"column":9}},"type":"if","locations":[{"start":{"line":111,"column":8},"end":{"line":117,"column":9}},{"start":{},"end":{}}],"line":111},"19":{"loc":{"start":{"line":114,"column":12},"end":{"line":116,"column":13}},"type":"if","locations":[{"start":{"line":114,"column":12},"end":{"line":116,"column":13}},{"start":{},"end":{}}],"line":114},"20":{"loc":{"start":{"line":138,"column":8},"end":{"line":140,"column":9}},"type":"if","locations":[{"start":{"line":138,"column":8},"end":{"line":140,"column":9}},{"start":{},"end":{}}],"line":138},"21":{"loc":{"start":{"line":142,"column":8},"end":{"line":146,"column":9}},"type":"if","locations":[{"start":{"line":142,"column":8},"end":{"line":146,"column":9}},{"start":{"line":144,"column":15},"end":{"line":146,"column":9}}],"line":142},"22":{"loc":{"start":{"line":144,"column":15},"end":{"line":146,"column":9}},"type":"if","locations":[{"start":{"line":144,"column":15},"end":{"line":146,"column":9}},{"start":{},"end":{}}],"line":144},"23":{"loc":{"start":{"line":148,"column":8},"end":{"line":150,"column":9}},"type":"if","locations":[{"start":{"line":148,"column":8},"end":{"line":150,"column":9}},{"start":{},"end":{}}],"line":148},"24":{"loc":{"start":{"line":152,"column":15},"end":{"line":152,"column":42}},"type":"binary-expr","locations":[{"start":{"line":152,"column":15},"end":{"line":152,"column":30}},{"start":{"line":152,"column":34},"end":{"line":152,"column":42}}],"line":152}},"s":{"0":1,"1":0,"2":3,"3":3,"4":0,"5":3,"6":3,"7":3,"8":3,"9":3,"10":3,"11":3,"12":3,"13":3,"14":3,"15":1,"16":3,"17":3,"18":3,"19":3,"20":3,"21":1,"22":3,"23":3,"24":3,"25":3,"26":3,"27":3,"28":3,"29":3,"30":3,"31":3,"32":3,"33":3,"34":0,"35":3,"36":3,"37":3,"38":3,"39":3,"40":24,"41":3,"42":1,"43":3,"44":3,"45":24,"46":3,"47":0,"48":3,"49":3,"50":3,"51":0,"52":3,"53":1,"54":1,"55":2,"56":1,"57":1,"58":3,"59":3,"60":3,"61":3,"62":3,"63":3,"64":2,"65":3,"66":0,"67":3,"68":1,"69":3,"70":3,"71":3,"72":0,"73":1},"f":{"0":0,"1":3,"2":3,"3":3,"4":24,"5":24,"6":2,"7":3,"8":3,"9":0},"b":{"0":[0,3],"1":[1,2],"2":[3,3],"3":[3,0],"4":[3,3],"5":[1,2],"6":[3,3],"7":[3,0],"8":[3,0],"9":[3,0],"10":[3,0],"11":[3,0],"12":[0,3],"13":[3,3],"14":[1,2],"15":[0,3],"16":[0,3],"17":[3,0],"18":[1,2],"19":[1,0],"20":[2,1],"21":[0,3],"22":[1,2],"23":[3,0],"24":[3,0]},"_coverageSchema":"1a1c01bbd47fc00a2c39e90264f33305004495a9","hash":"340a3e05eb031275c11c0246e3359a46b61d15bd"}
,"/home/admin/projects/annsight-data-manager/src/repository/ProcessedDataRepository.js": {"path":"/home/admin/projects/annsight-data-manager/src/repository/ProcessedDataRepository.js","statementMap":{"0":{"start":{"line":6,"column":8},"end":{"line":6,"column":25}},"1":{"start":{"line":48,"column":12},"end":{"line":48,"column":16}},"2":{"start":{"line":52,"column":8},"end":{"line":54,"column":9}},"3":{"start":{"line":53,"column":12},"end":{"line":53,"column":91}},"4":{"start":{"line":57,"column":29},"end":{"line":57,"column":71}},"5":{"start":{"line":59,"column":22},"end":{"line":66,"column":9}},"6":{"start":{"line":68,"column":23},"end":{"line":86,"column":10}},"7":{"start":{"line":88,"column":8},"end":{"line":88,"column":30}},"8":{"start":{"line":97,"column":22},"end":{"line":97,"column":66}},"9":{"start":{"line":98,"column":23},"end":{"line":98,"column":57}},"10":{"start":{"line":99,"column":8},"end":{"line":99,"column":30}},"11":{"start":{"line":110,"column":22},"end":{"line":118,"column":9}},"12":{"start":{"line":119,"column":23},"end":{"line":119,"column":79}},"13":{"start":{"line":120,"column":8},"end":{"line":120,"column":27}},"14":{"start":{"line":130,"column":22},"end":{"line":141,"column":9}},"15":{"start":{"line":142,"column":23},"end":{"line":142,"column":82}},"16":{"start":{"line":143,"column":8},"end":{"line":143,"column":30}},"17":{"start":{"line":153,"column":22},"end":{"line":162,"column":9}},"18":{"start":{"line":163,"column":23},"end":{"line":163,"column":69}},"19":{"start":{"line":164,"column":8},"end":{"line":164,"column":30}},"20":{"start":{"line":175,"column":22},"end":{"line":184,"column":9}},"21":{"start":{"line":185,"column":23},"end":{"line":185,"column":77}},"22":{"start":{"line":186,"column":8},"end":{"line":186,"column":30}},"23":{"start":{"line":194,"column":22},"end":{"line":200,"column":9}},"24":{"start":{"line":201,"column":23},"end":{"line":201,"column":51}},"25":{"start":{"line":202,"column":8},"end":{"line":202,"column":27}},"26":{"start":{"line":211,"column":22},"end":{"line":219,"column":9}},"27":{"start":{"line":220,"column":23},"end":{"line":220,"column":57}},"28":{"start":{"line":221,"column":8},"end":{"line":221,"column":30}},"29":{"start":{"line":231,"column":35},"end":{"line":231,"column":42}},"30":{"start":{"line":233,"column":22},"end":{"line":242,"column":9}},"31":{"start":{"line":243,"column":23},"end":{"line":243,"column":65}},"32":{"start":{"line":244,"column":8},"end":{"line":244,"column":27}},"33":{"start":{"line":257,"column":35},"end":{"line":257,"column":45}},"34":{"start":{"line":258,"column":29},"end":{"line":258,"column":51}},"35":{"start":{"line":259,"column":23},"end":{"line":259,"column":35}},"36":{"start":{"line":260,"column":25},"end":{"line":260,"column":26}},"37":{"start":{"line":262,"column":8},"end":{"line":265,"column":9}},"38":{"start":{"line":263,"column":12},"end":{"line":263,"column":57}},"39":{"start":{"line":264,"column":12},"end":{"line":264,"column":30}},"40":{"start":{"line":266,"column":8},"end":{"line":269,"column":9}},"41":{"start":{"line":267,"column":12},"end":{"line":267,"column":61}},"42":{"start":{"line":268,"column":12},"end":{"line":268,"column":34}},"43":{"start":{"line":271,"column":25},"end":{"line":271,"column":51}},"44":{"start":{"line":273,"column":22},"end":{"line":279,"column":9}},"45":{"start":{"line":281,"column":23},"end":{"line":281,"column":86}},"46":{"start":{"line":282,"column":8},"end":{"line":282,"column":31}},"47":{"start":{"line":290,"column":22},"end":{"line":295,"column":9}},"48":{"start":{"line":296,"column":23},"end":{"line":296,"column":51}},"49":{"start":{"line":297,"column":8},"end":{"line":297,"column":27}},"50":{"start":{"line":307,"column":30},"end":{"line":307,"column":141}},"51":{"start":{"line":308,"column":23},"end":{"line":308,"column":25}},"52":{"start":{"line":309,"column":23},"end":{"line":309,"column":25}},"53":{"start":{"line":310,"column":25},"end":{"line":310,"column":26}},"54":{"start":{"line":312,"column":8},"end":{"line":318,"column":9}},"55":{"start":{"line":313,"column":12},"end":{"line":317,"column":13}},"56":{"start":{"line":314,"column":33},"end":{"line":314,"column":92}},"57":{"start":{"line":314,"column":65},"end":{"line":314,"column":91}},"58":{"start":{"line":315,"column":16},"end":{"line":315,"column":62}},"59":{"start":{"line":316,"column":16},"end":{"line":316,"column":87}},"60":{"start":{"line":320,"column":8},"end":{"line":322,"column":9}},"61":{"start":{"line":321,"column":12},"end":{"line":321,"column":57}},"62":{"start":{"line":324,"column":8},"end":{"line":324,"column":24}},"63":{"start":{"line":325,"column":22},"end":{"line":330,"column":9}},"64":{"start":{"line":332,"column":23},"end":{"line":332,"column":59}},"65":{"start":{"line":333,"column":8},"end":{"line":333,"column":30}},"66":{"start":{"line":341,"column":22},"end":{"line":348,"column":9}},"67":{"start":{"line":349,"column":23},"end":{"line":349,"column":51}},"68":{"start":{"line":350,"column":8},"end":{"line":350,"column":30}},"69":{"start":{"line":359,"column":22},"end":{"line":367,"column":9}},"70":{"start":{"line":368,"column":23},"end":{"line":368,"column":71}},"71":{"start":{"line":369,"column":22},"end":{"line":369,"column":36}},"72":{"start":{"line":371,"column":25},"end":{"line":371,"column":68}},"73":{"start":{"line":372,"column":35},"end":{"line":372,"column":51}},"74":{"start":{"line":374,"column":8},"end":{"line":378,"column":9}},"75":{"start":{"line":375,"column":12},"end":{"line":375,"column":75}},"76":{"start":{"line":376,"column":15},"end":{"line":378,"column":9}},"77":{"start":{"line":377,"column":12},"end":{"line":377,"column":75}},"78":{"start":{"line":380,"column":8},"end":{"line":385,"column":10}},"79":{"start":{"line":389,"column":0},"end":{"line":389,"column":41}}},"fnMap":{"0":{"name":"(anonymous_0)","decl":{"start":{"line":5,"column":4},"end":{"line":5,"column":5}},"loc":{"start":{"line":5,"column":22},"end":{"line":7,"column":5}},"line":5},"1":{"name":"(anonymous_1)","decl":{"start":{"line":30,"column":4},"end":{"line":30,"column":5}},"loc":{"start":{"line":30,"column":23},"end":{"line":89,"column":5}},"line":30},"2":{"name":"(anonymous_2)","decl":{"start":{"line":96,"column":4},"end":{"line":96,"column":5}},"loc":{"start":{"line":96,"column":23},"end":{"line":100,"column":5}},"line":96},"3":{"name":"(anonymous_3)","decl":{"start":{"line":109,"column":4},"end":{"line":109,"column":5}},"loc":{"start":{"line":109,"column":69},"end":{"line":121,"column":5}},"line":109},"4":{"name":"(anonymous_4)","decl":{"start":{"line":129,"column":4},"end":{"line":129,"column":5}},"loc":{"start":{"line":129,"column":45},"end":{"line":144,"column":5}},"line":129},"5":{"name":"(anonymous_5)","decl":{"start":{"line":152,"column":4},"end":{"line":152,"column":5}},"loc":{"start":{"line":152,"column":34},"end":{"line":165,"column":5}},"line":152},"6":{"name":"(anonymous_6)","decl":{"start":{"line":174,"column":4},"end":{"line":174,"column":5}},"loc":{"start":{"line":174,"column":41},"end":{"line":187,"column":5}},"line":174},"7":{"name":"(anonymous_7)","decl":{"start":{"line":193,"column":4},"end":{"line":193,"column":5}},"loc":{"start":{"line":193,"column":28},"end":{"line":203,"column":5}},"line":193},"8":{"name":"(anonymous_8)","decl":{"start":{"line":210,"column":4},"end":{"line":210,"column":5}},"loc":{"start":{"line":210,"column":30},"end":{"line":222,"column":5}},"line":210},"9":{"name":"(anonymous_9)","decl":{"start":{"line":230,"column":4},"end":{"line":230,"column":5}},"loc":{"start":{"line":230,"column":44},"end":{"line":245,"column":5}},"line":230},"10":{"name":"(anonymous_10)","decl":{"start":{"line":256,"column":4},"end":{"line":256,"column":5}},"loc":{"start":{"line":256,"column":48},"end":{"line":283,"column":5}},"line":256},"11":{"name":"(anonymous_11)","decl":{"start":{"line":289,"column":4},"end":{"line":289,"column":5}},"loc":{"start":{"line":289,"column":32},"end":{"line":298,"column":5}},"line":289},"12":{"name":"(anonymous_12)","decl":{"start":{"line":306,"column":4},"end":{"line":306,"column":5}},"loc":{"start":{"line":306,"column":30},"end":{"line":334,"column":5}},"line":306},"13":{"name":"(anonymous_13)","decl":{"start":{"line":314,"column":55},"end":{"line":314,"column":56}},"loc":{"start":{"line":314,"column":65},"end":{"line":314,"column":91}},"line":314},"14":{"name":"(anonymous_14)","decl":{"start":{"line":340,"column":4},"end":{"line":340,"column":5}},"loc":{"start":{"line":340,"column":31},"end":{"line":351,"column":5}},"line":340},"15":{"name":"(anonymous_15)","decl":{"start":{"line":358,"column":4},"end":{"line":358,"column":5}},"loc":{"start":{"line":358,"column":61},"end":{"line":386,"column":5}},"line":358}},"branchMap":{"0":{"loc":{"start":{"line":40,"column":12},"end":{"line":40,"column":38}},"type":"default-arg","locations":[{"start":{"line":40,"column":29},"end":{"line":40,"column":38}}],"line":40},"1":{"loc":{"start":{"line":45,"column":12},"end":{"line":45,"column":32}},"type":"default-arg","locations":[{"start":{"line":45,"column":27},"end":{"line":45,"column":32}}],"line":45},"2":{"loc":{"start":{"line":52,"column":8},"end":{"line":54,"column":9}},"type":"if","locations":[{"start":{"line":52,"column":8},"end":{"line":54,"column":9}},{"start":{},"end":{}}],"line":52},"3":{"loc":{"start":{"line":52,"column":12},"end":{"line":52,"column":59}},"type":"binary-expr","locations":[{"start":{"line":52,"column":12},"end":{"line":52,"column":15}},{"start":{"line":52,"column":19},"end":{"line":52,"column":24}},{"start":{"line":52,"column":28},"end":{"line":52,"column":37}},{"start":{"line":52,"column":41},"end":{"line":52,"column":47}},{"start":{"line":52,"column":51},"end":{"line":52,"column":59}}],"line":52},"4":{"loc":{"start":{"line":74,"column":12},"end":{"line":74,"column":31}},"type":"binary-expr","locations":[{"start":{"line":74,"column":12},"end":{"line":74,"column":23}},{"start":{"line":74,"column":27},"end":{"line":74,"column":31}}],"line":74},"5":{"loc":{"start":{"line":75,"column":12},"end":{"line":75,"column":30}},"type":"binary-expr","locations":[{"start":{"line":75,"column":12},"end":{"line":75,"column":22}},{"start":{"line":75,"column":26},"end":{"line":75,"column":30}}],"line":75},"6":{"loc":{"start":{"line":78,"column":12},"end":{"line":78,"column":46}},"type":"cond-expr","locations":[{"start":{"line":78,"column":19},"end":{"line":78,"column":39}},{"start":{"line":78,"column":42},"end":{"line":78,"column":46}}],"line":78},"7":{"loc":{"start":{"line":79,"column":12},"end":{"line":79,"column":62}},"type":"cond-expr","locations":[{"start":{"line":79,"column":27},"end":{"line":79,"column":55}},{"start":{"line":79,"column":58},"end":{"line":79,"column":62}}],"line":79},"8":{"loc":{"start":{"line":80,"column":12},"end":{"line":80,"column":37}},"type":"binary-expr","locations":[{"start":{"line":80,"column":12},"end":{"line":80,"column":29}},{"start":{"line":80,"column":33},"end":{"line":80,"column":37}}],"line":80},"9":{"loc":{"start":{"line":81,"column":12},"end":{"line":81,"column":37}},"type":"binary-expr","locations":[{"start":{"line":81,"column":12},"end":{"line":81,"column":29}},{"start":{"line":81,"column":33},"end":{"line":81,"column":37}}],"line":81},"10":{"loc":{"start":{"line":84,"column":12},"end":{"line":84,"column":26}},"type":"binary-expr","locations":[{"start":{"line":84,"column":12},"end":{"line":84,"column":18}},{"start":{"line":84,"column":22},"end":{"line":84,"column":26}}],"line":84},"11":{"loc":{"start":{"line":85,"column":12},"end":{"line":85,"column":27}},"type":"binary-expr","locations":[{"start":{"line":85,"column":12},"end":{"line":85,"column":19}},{"start":{"line":85,"column":23},"end":{"line":85,"column":27}}],"line":85},"12":{"loc":{"start":{"line":109,"column":28},"end":{"line":109,"column":43}},"type":"default-arg","locations":[{"start":{"line":109,"column":40},"end":{"line":109,"column":43}}],"line":109},"13":{"loc":{"start":{"line":109,"column":45},"end":{"line":109,"column":55}},"type":"default-arg","locations":[{"start":{"line":109,"column":53},"end":{"line":109,"column":55}}],"line":109},"14":{"loc":{"start":{"line":109,"column":57},"end":{"line":109,"column":67}},"type":"default-arg","locations":[{"start":{"line":109,"column":66},"end":{"line":109,"column":67}}],"line":109},"15":{"loc":{"start":{"line":129,"column":26},"end":{"line":129,"column":43}},"type":"default-arg","locations":[{"start":{"line":129,"column":41},"end":{"line":129,"column":43}}],"line":129},"16":{"loc":{"start":{"line":230,"column":30},"end":{"line":230,"column":42}},"type":"default-arg","locations":[{"start":{"line":230,"column":40},"end":{"line":230,"column":42}}],"line":230},"17":{"loc":{"start":{"line":231,"column":16},"end":{"line":231,"column":30}},"type":"default-arg","locations":[{"start":{"line":231,"column":29},"end":{"line":231,"column":30}}],"line":231},"18":{"loc":{"start":{"line":262,"column":8},"end":{"line":265,"column":9}},"type":"if","locations":[{"start":{"line":262,"column":8},"end":{"line":265,"column":9}},{"start":{},"end":{}}],"line":262},"19":{"loc":{"start":{"line":266,"column":8},"end":{"line":269,"column":9}},"type":"if","locations":[{"start":{"line":266,"column":8},"end":{"line":269,"column":9}},{"start":{},"end":{}}],"line":266},"20":{"loc":{"start":{"line":313,"column":12},"end":{"line":317,"column":13}},"type":"if","locations":[{"start":{"line":313,"column":12},"end":{"line":317,"column":13}},{"start":{},"end":{}}],"line":313},"21":{"loc":{"start":{"line":316,"column":28},"end":{"line":316,"column":85}},"type":"cond-expr","locations":[{"start":{"line":316,"column":56},"end":{"line":316,"column":77}},{"start":{"line":316,"column":80},"end":{"line":316,"column":85}}],"line":316},"22":{"loc":{"start":{"line":320,"column":8},"end":{"line":322,"column":9}},"type":"if","locations":[{"start":{"line":320,"column":8},"end":{"line":322,"column":9}},{"start":{},"end":{}}],"line":320},"23":{"loc":{"start":{"line":358,"column":37},"end":{"line":358,"column":59}},"type":"default-arg","locations":[{"start":{"line":358,"column":56},"end":{"line":358,"column":59}}],"line":358},"24":{"loc":{"start":{"line":374,"column":8},"end":{"line":378,"column":9}},"type":"if","locations":[{"start":{"line":374,"column":8},"end":{"line":378,"column":9}},{"start":{"line":376,"column":15},"end":{"line":378,"column":9}}],"line":374},"25":{"loc":{"start":{"line":376,"column":15},"end":{"line":378,"column":9}},"type":"if","locations":[{"start":{"line":376,"column":15},"end":{"line":378,"column":9}},{"start":{},"end":{}}],"line":376}},"s":{"0":2,"1":2,"2":2,"3":0,"4":2,"5":2,"6":2,"7":2,"8":0,"9":0,"10":0,"11":0,"12":0,"13":0,"14":0,"15":0,"16":0,"17":0,"18":0,"19":0,"20":0,"21":0,"22":0,"23":0,"24":0,"25":0,"26":0,"27":0,"28":0,"29":0,"30":0,"31":0,"32":0,"33":0,"34":0,"35":0,"36":0,"37":0,"38":0,"39":0,"40":0,"41":0,"42":0,"43":0,"44":0,"45":0,"46":0,"47":0,"48":0,"49":0,"50":0,"51":0,"52":0,"53":0,"54":0,"55":0,"56":0,"57":0,"58":0,"59":0,"60":0,"61":0,"62":0,"63":0,"64":0,"65":0,"66":0,"67":0,"68":0,"69":0,"70":0,"71":0,"72":0,"73":0,"74":0,"75":0,"76":0,"77":0,"78":0,"79":1},"f":{"0":2,"1":2,"2":0,"3":0,"4":0,"5":0,"6":0,"7":0,"8":0,"9":0,"10":0,"11":0,"12":0,"13":0,"14":0,"15":0},"b":{"0":[2],"1":[2],"2":[0,2],"3":[2,2,2,2,2],"4":[2,0],"5":[2,2],"6":[2,0],"7":[0,2],"8":[2,2],"9":[2,2],"10":[2,2],"11":[2,2],"12":[0],"13":[0],"14":[0],"15":[0],"16":[0],"17":[0],"18":[0,0],"19":[0,0],"20":[0,0],"21":[0,0],"22":[0,0],"23":[0],"24":[0,0],"25":[0,0]},"_coverageSchema":"1a1c01bbd47fc00a2c39e90264f33305004495a9","hash":"f079b490d82994d3491d87c872958ea643e3625e"}
,"/home/admin/projects/annsight-data-manager/src/repository/RawDataIndexRepository.js": {"path":"/home/admin/projects/annsight-data-manager/src/repository/RawDataIndexRepository.js","statementMap":{"0":{"start":{"line":6,"column":8},"end":{"line":6,"column":25}},"1":{"start":{"line":31,"column":12},"end":{"line":31,"column":19}},"2":{"start":{"line":34,"column":8},"end":{"line":36,"column":9}},"3":{"start":{"line":35,"column":12},"end":{"line":35,"column":97}},"4":{"start":{"line":38,"column":22},"end":{"line":43,"column":9}},"5":{"start":{"line":45,"column":23},"end":{"line":54,"column":10}},"6":{"start":{"line":56,"column":8},"end":{"line":56,"column":30}},"7":{"start":{"line":65,"column":22},"end":{"line":65,"column":66}},"8":{"start":{"line":66,"column":23},"end":{"line":66,"column":57}},"9":{"start":{"line":67,"column":8},"end":{"line":67,"column":30}},"10":{"start":{"line":76,"column":22},"end":{"line":76,"column":75}},"11":{"start":{"line":77,"column":23},"end":{"line":77,"column":58}},"12":{"start":{"line":78,"column":8},"end":{"line":78,"column":30}},"13":{"start":{"line":89,"column":22},"end":{"line":96,"column":9}},"14":{"start":{"line":97,"column":8},"end":{"line":97,"column":64}},"15":{"start":{"line":110,"column":22},"end":{"line":117,"column":9}},"16":{"start":{"line":118,"column":8},"end":{"line":118,"column":65}},"17":{"start":{"line":131,"column":22},"end":{"line":139,"column":9}},"18":{"start":{"line":140,"column":8},"end":{"line":140,"column":85}},"19":{"start":{"line":149,"column":22},"end":{"line":153,"column":9}},"20":{"start":{"line":154,"column":23},"end":{"line":154,"column":62}},"21":{"start":{"line":155,"column":8},"end":{"line":155,"column":27}},"22":{"start":{"line":164,"column":22},"end":{"line":168,"column":9}},"23":{"start":{"line":169,"column":23},"end":{"line":169,"column":61}},"24":{"start":{"line":170,"column":8},"end":{"line":170,"column":27}},"25":{"start":{"line":180,"column":22},"end":{"line":185,"column":9}},"26":{"start":{"line":186,"column":8},"end":{"line":186,"column":51}},"27":{"start":{"line":190,"column":0},"end":{"line":190,"column":40}}},"fnMap":{"0":{"name":"(anonymous_0)","decl":{"start":{"line":5,"column":4},"end":{"line":5,"column":5}},"loc":{"start":{"line":5,"column":22},"end":{"line":7,"column":5}},"line":5},"1":{"name":"(anonymous_1)","decl":{"start":{"line":21,"column":4},"end":{"line":21,"column":5}},"loc":{"start":{"line":21,"column":26},"end":{"line":57,"column":5}},"line":21},"2":{"name":"(anonymous_2)","decl":{"start":{"line":64,"column":4},"end":{"line":64,"column":5}},"loc":{"start":{"line":64,"column":23},"end":{"line":68,"column":5}},"line":64},"3":{"name":"(anonymous_3)","decl":{"start":{"line":75,"column":4},"end":{"line":75,"column":5}},"loc":{"start":{"line":75,"column":25},"end":{"line":79,"column":5}},"line":75},"4":{"name":"(anonymous_4)","decl":{"start":{"line":88,"column":4},"end":{"line":88,"column":5}},"loc":{"start":{"line":88,"column":51},"end":{"line":98,"column":5}},"line":88},"5":{"name":"(anonymous_5)","decl":{"start":{"line":109,"column":4},"end":{"line":109,"column":5}},"loc":{"start":{"line":109,"column":57},"end":{"line":119,"column":5}},"line":109},"6":{"name":"(anonymous_6)","decl":{"start":{"line":130,"column":4},"end":{"line":130,"column":5}},"loc":{"start":{"line":130,"column":74},"end":{"line":141,"column":5}},"line":130},"7":{"name":"(anonymous_7)","decl":{"start":{"line":148,"column":4},"end":{"line":148,"column":5}},"loc":{"start":{"line":148,"column":31},"end":{"line":156,"column":5}},"line":148},"8":{"name":"(anonymous_8)","decl":{"start":{"line":163,"column":4},"end":{"line":163,"column":5}},"loc":{"start":{"line":163,"column":31},"end":{"line":171,"column":5}},"line":163},"9":{"name":"
[...]
end":{"line":58,"column":11}},"15":{"start":{"line":55,"column":55},"end":{"line":58,"column":9}},"16":{"start":{"line":61,"column":29},"end":{"line":61,"column":60}},"17":{"start":{"line":62,"column":8},"end":{"line":67,"column":9}},"18":{"start":{"line":63,"column":12},"end":{"line":66,"column":15}},"19":{"start":{"line":69,"column":8},"end":{"line":76,"column":10}},"20":{"start":{"line":86,"column":28},"end":{"line":86,"column":58}},"21":{"start":{"line":88,"column":8},"end":{"line":97,"column":10}},"22":{"start":{"line":106,"column":28},"end":{"line":111,"column":9}},"23":{"start":{"line":113,"column":8},"end":{"line":113,"column":71}},"24":{"start":{"line":122,"column":33},"end":{"line":127,"column":9}},"25":{"start":{"line":129,"column":8},"end":{"line":129,"column":57}},"26":{"start":{"line":136,"column":8},"end":{"line":142,"column":9}},"27":{"start":{"line":138,"column":12},"end":{"line":141,"column":40}},"28":{"start":{"line":143,"column":8},"end":{"line":143,"column":21}},"29":{"start":{"line":152,"column":8},"end":{"line":154,"column":9}},"30":{"start":{"line":153,"column":12},"end":{"line":153,"column":57}},"31":{"start":{"line":157,"column":25},"end":{"line":157,"column":66}},"32":{"start":{"line":157,"column":46},"end":{"line":157,"column":65}},"33":{"start":{"line":159,"column":22},"end":{"line":159,"column":37}},"34":{"start":{"line":160,"column":26},"end":{"line":160,"column":49}},"35":{"start":{"line":161,"column":31},"end":{"line":161,"column":54}},"36":{"start":{"line":162,"column":25},"end":{"line":162,"column":59}},"37":{"start":{"line":164,"column":8},"end":{"line":174,"column":10}},"38":{"start":{"line":183,"column":29},"end":{"line":183,"column":55}},"39":{"start":{"line":186,"column":21},"end":{"line":186,"column":58}},"40":{"start":{"line":189,"column":23},"end":{"line":189,"column":53}},"41":{"start":{"line":192,"column":28},"end":{"line":192,"column":81}},"42":{"start":{"line":192,"column":75},"end":{"line":192,"column":79}},"43":{"start":{"line":193,"column":33},"end":{"line":193,"column":91}},"44":{"start":{"line":193,"column":85},"end":{"line":193,"column":89}},"45":{"start":{"line":194,"column":27},"end":{"line":194,"column":79}},"46":{"start":{"line":194,"column":73},"end":{"line":194,"column":77}},"47":{"start":{"line":196,"column":8},"end":{"line":202,"column":10}},"48":{"start":{"line":210,"column":22},"end":{"line":216,"column":9}},"49":{"start":{"line":217,"column":8},"end":{"line":217,"column":48}},"50":{"start":{"line":225,"column":22},"end":{"line":231,"column":9}},"51":{"start":{"line":232,"column":23},"end":{"line":232,"column":51}},"52":{"start":{"line":233,"column":20},"end":{"line":233,"column":34}},"53":{"start":{"line":235,"column":8},"end":{"line":239,"column":10}},"54":{"start":{"line":243,"column":0},"end":{"line":243,"column":41}}},"fnMap":{"0":{"name":"(anonymous_0)","decl":{"start":{"line":8,"column":4},"end":{"line":8,"column":5}},"loc":{"start":{"line":8,"column":22},"end":{"line":11,"column":5}},"line":8},"1":{"name":"(anonymous_1)","decl":{"start":{"line":18,"column":4},"end":{"line":18,"column":5}},"loc":{"start":{"line":18,"column":40},"end":{"line":47,"column":5}},"line":18},"2":{"name":"(anonymous_2)","decl":{"start":{"line":22,"column":49},"end":{"line":22,"column":50}},"loc":{"start":{"line":22,"column":55},"end":{"line":22,"column":77}},"line":22},"3":{"name":"(anonymous_3)","decl":{"start":{"line":54,"column":4},"end":{"line":54,"column":5}},"loc":{"start":{"line":54,"column":27},"end":{"line":77,"column":5}},"line":54},"4":{"name":"(anonymous_4)","decl":{"start":{"line":55,"column":47},"end":{"line":55,"column":48}},"loc":{"start":{"line":55,"column":55},"end":{"line":58,"column":9}},"line":55},"5":{"name":"(anonymous_5)","decl":{"start":{"line":84,"column":4},"end":{"line":84,"column":5}},"loc":{"start":{"line":84,"column":30},"end":{"line":98,"column":5}},"line":84},"6":{"name":"(anonymous_6)","decl":{"start":{"line":105,"column":4},"end":{"line":105,"column":5}},"loc":{"start":{"line":105,"column":31},"end":{"line":114,"column":5}},"line":105},"7":{"name":"(anonymous_7)","decl":{"start":{"line":121,"column":4},"end":{"line":121,"column":5}},"loc":{"start":{"line":121,"column":30},"end":{"line":130,"column":5}},"line":121},"8":{"name":"(anonymous_8)","decl":{"start":{"line":135,"column":4},"end":{"line":135,"column":5}},"loc":{"start":{"line":135,"column":28},"end":{"line":144,"column":5}},"line":135},"9":{"name":"(anonymous_9)","decl":{"start":{"line":151,"column":4},"end":{"line":151,"column":5}},"loc":{"start":{"line":151,"column":37},"end":{"line":175,"column":5}},"line":151},"10":{"name":"(anonymous_10)","decl":{"start":{"line":157,"column":40},"end":{"line":157,"column":41}},"loc":{"start":{"line":157,"column":46},"end":{"line":157,"column":65}},"line":157},"11":{"name":"(anonymous_11)","decl":{"start":{"line":181,"column":4},"end":{"line":181,"column":5}},"loc":{"start":{"line":181,"column":27},"end":{"line":203,"column":5}},"line":181},"12":{"name":"(anonymous_12)","decl":{"start":{"line":192,"column":70},"end":{"line":192,"column":71}},"loc":{"start":{"line":192,"column":75},"end":{"line":192,"column":79}},"line":192},"13":{"name":"(anonymous_13)","decl":{"start":{"line":193,"column":80},"end":{"line":193,"column":81}},"loc":{"start":{"line":193,"column":85},"end":{"line":193,"column":89}},"line":193},"14":{"name":"(anonymous_14)","decl":{"start":{"line":194,"column":68},"end":{"line":194,"column":69}},"loc":{"start":{"line":194,"column":73},"end":{"line":194,"column":77}},"line":194},"15":{"name":"(anonymous_15)","decl":{"start":{"line":209,"column":4},"end":{"line":209,"column":5}},"loc":{"start":{"line":209,"column":34},"end":{"line":218,"column":5}},"line":209},"16":{"name":"(anonymous_16)","decl":{"start":{"line":224,"column":4},"end":{"line":224,"column":5}},"loc":{"start":{"line":224,"column":27},"end":{"line":240,"column":5}},"line":224}},"branchMap":{"0":{"loc":{"start":{"line":18,"column":24},"end":{"line":18,"column":38}},"type":"default-arg","locations":[{"start":{"line":18,"column":34},"end":{"line":18,"column":38}}],"line":18},"1":{"loc":{"start":{"line":21,"column":8},"end":{"line":25,"column":9}},"type":"if","locations":[{"start":{"line":21,"column":8},"end":{"line":25,"column":9}},{"start":{"line":23,"column":15},"end":{"line":25,"column":9}}],"line":21},"2":{"loc":{"start":{"line":33,"column":12},"end":{"line":38,"column":13}},"type":"if","locations":[{"start":{"line":33,"column":12},"end":{"line":38,"column":13}},{"start":{"line":35,"column":19},"end":{"line":38,"column":13}}],"line":33},"3":{"loc":{"start":{"line":33,"column":16},"end":{"line":33,"column":101}},"type":"binary-expr","locations":[{"start":{"line":33,"column":16},"end":{"line":33,"column":33}},{"start":{"line":33,"column":37},"end":{"line":33,"column":69}},{"start":{"line":33,"column":73},"end":{"line":33,"column":101}}],"line":33},"4":{"loc":{"start":{"line":56,"column":18},"end":{"line":56,"column":60}},"type":"cond-expr","locations":[{"start":{"line":56,"column":40},"end":{"line":56,"column":46}},{"start":{"line":56,"column":49},"end":{"line":56,"column":60}}],"line":56},"5":{"loc":{"start":{"line":62,"column":8},"end":{"line":67,"column":9}},"type":"if","locations":[{"start":{"line":62,"column":8},"end":{"line":67,"column":9}},{"start":{},"end":{}}],"line":62},"6":{"loc":{"start":{"line":113,"column":15},"end":{"line":113,"column":70}},"type":"binary-expr","locations":[{"start":{"line":113,"column":15},"end":{"line":113,"column":37}},{"start":{"line":113,"column":41},"end":{"line":113,"column":70}}],"line":113},"7":{"loc":{"start":{"line":129,"column":15},"end":{"line":129,"column":56}},"type":"binary-expr","locations":[{"start":{"line":129,"column":15},"end":{"line":129,"column":42}},{"start":{"line":129,"column":46},"end":{"line":129,"column":56}}],"line":129},"8":{"loc":{"start":{"line":136,"column":8},"end":{"line":142,"column":9}},"type":"if","locations":[{"start":{"line":136,"column":8},"end":{"line":142,"column":9}},{"start":{},"end":{}}],"line":136},"9":{"loc":{"start":{"line":151,"column":24},"end":{"line":151,"column":35}},"type":"default-arg","locations":[{"start":{"line":151,"column":31},"end":{"line":151,"column":35}}],"line":151},"10":{"loc":{"start":{"line":152,"column":8},"end":{"line":154,"column":9}},"type":"if","locations":[{"start":{"line":152,"column":8},"end":{"line":154,"column":9}},{"start":{},"end":{}}],"line":152}},"s":{"0":0,"1":0,"2":0,"3":0,"4":0,"5":0,"6":0,"7":0,"8":0,"9":0,"10":0,"11":0,"12":0,"13":0,"14":0,"15":0,"16":0,"17":0,"18":0,"19":0,"20":0,"21":0,"22":0,"23":0,"24":0,"25":0,"26":0,"27":0,"28":0,"29":0,"30":0,"31":0,"32":0,"33":0,"34":0,"35":0,"36":0,"37":0,"38":0,"39":0,"40":0,"41":0,"42":0,"43":0,"44":0,"45":0,"46":0,"47":0,"48":0,"49":0,"50":0,"51":0,"52":0,"53":0,"54":0},"f":{"0":0,"1":0,"2":0,"3":0,"4":0,"5":0,"6":0,"7":0,"8":0,"9":0,"10":0,"11":0,"12":0,"13":0,"14":0,"15":0,"16":0},"b":{"0":[0],"1":[0,0],"2":[0,0],"3":[0,0,0],"4":[0,0],"5":[0,0],"6":[0,0],"7":[0,0],"8":[0,0],"9":[0],"10":[0,0]}}
,"/home/admin/projects/annsight-data-manager/src/services/storage/index.js": {"path":"/home/admin/projects/annsight-data-manager/src/services/storage/index.js","statementMap":{"0":{"start":{"line":5,"column":38},"end":{"line":5,"column":54}},"1":{"start":{"line":7,"column":0},"end":{"line":10,"column":2}}},"fnMap":{},"branchMap":{},"s":{"0":0,"1":0},"f":{},"b":{}}
,"/home/admin/projects/annsight-data-manager/src/services/storage/oss.js": {"path":"/home/admin/projects/annsight-data-manager/src/services/storage/oss.js","statementMap":{"0":{"start":{"line":5,"column":11},"end":{"line":5,"column":24}},"1":{"start":{"line":6,"column":13},"end":{"line":6,"column":28}},"2":{"start":{"line":9,"column":10},"end":{"line":9,"column":14}},"3":{"start":{"line":10,"column":0},"end":{"line":14,"column":1}},"4":{"start":{"line":11,"column":4},"end":{"line":11,"column":29}},"5":{"start":{"line":13,"column":4},"end":{"line":13,"column":50}},"6":{"start":{"line":18,"column":8},"end":{"line":18,"column":27}},"7":{"start":{"line":19,"column":8},"end":{"line":24,"column":10}},"8":{"start":{"line":26,"column":8},"end":{"line":26,"column":20}},"9":{"start":{"line":30,"column":8},"end":{"line":33,"column":9}},"10":{"start":{"line":31,"column":12},"end":{"line":31,"column":46}},"11":{"start":{"line":32,"column":12},"end":{"line":32,"column":19}},"12":{"start":{"line":35,"column":65},"end":{"line":35,"column":76}},"13":{"start":{"line":37,"column":8},"end":{"line":40,"column":9}},"14":{"start":{"line":38,"column":12},"end":{"line":38,"column":46}},"15":{"start":{"line":39,"column":12},"end":{"line":39,"column":19}},"16":{"start":{"line":42,"column":8},"end":{"line":52,"column":9}},"17":{"start":{"line":43,"column":12},"end":{"line":48,"column":15}},"18":{"start":{"line":49,"column":12},"end":{"line":49,"column":39}},"19":{"start":{"line":51,"column":12},"end":{"line":51,"column":57}},"20":{"start":{"line":59,"column":8},"end":{"line":59,"column":53}},"21":{"start":{"line":66,"column":8},"end":{"line":66,"column":53}},"22":{"start":{"line":73,"column":8},"end":{"line":73,"column":59}},"23":{"start":{"line":80,"column":8},"end":{"line":80,"column":53}},"24":{"start":{"line":87,"column":8},"end":{"line":87,"column":57}},"25":{"start":{"line":94,"column":8},"end":{"line":94,"column":57}},"26":{"start":{"line":104,"column":8},"end":{"line":106,"column":9}},"27":{"start":{"line":105,"column":12},"end":{"line":105,"column":43}},"28":{"start":{"line":108,"column":8},"end":{"line":110,"column":9}},"29":{"start":{"line":109,"column":12},"end":{"line":109,"column":50}},"30":{"start":{"line":112,"column":23},"end":{"line":112,"column":64}},"31":{"start":{"line":113,"column":8},"end":{"line":113,"column":22}},"32":{"start":{"line":123,"column":8},"end":{"line":125,"column":9}},"33":{"start":{"line":124,"column":12},"end":{"line":124,"column":43}},"34":{"start":{"line":127,"column":23},"end":{"line":127,"column":53}},"35":{"start":{"line":128,"column":20},"end":{"line":128,"column":43}},"36":{"start":{"line":129,"column":8},"end":{"line":129,"column":58}},"37":{"start":{"line":130,"column":8},"end":{"line":130,"column":63}},"38":{"start":{"line":139,"column":8},"end":{"line":141,"column":9}},"39":{"start":{"line":140,"column":12},"end":{"line":140,"column":43}},"40":{"start":{"line":143,"column":23},"end":{"line":143,"column":53}},"41":{"start":{"line":144,"column":8},"end":{"line":144,"column":30}},"42":{"start":{"line":154,"column":8},"end":{"line":156,"column":9}},"43":{"start":{"line":155,"column":12},"end":{"line":155,"column":24}},"44":{"start":{"line":158,"column":8},"end":{"line":158,"column":62}},"45":{"start":{"line":167,"column":8},"end":{"line":169,"column":9}},"46":{"start":{"line":168,"column":12},"end":{"line":168,"column":43}},"47":{"start":{"line":171,"column":8},"end":{"line":171,"column":42}},"48":{"start":{"line":180,"column":8},"end":{"line":182,"column":9}},"49":{"start":{"line":181,"column":12},"end":{"line":181,"column":25}},"50":{"start":{"line":184,"column":8},"end":{"line":189,"column":9}},"51":{"start":{"line":185,"column":12},"end":{"line":185,"column":44}},"52":{"start":{"line":186,"column":12},"end":{"line":186,"column":24}},"53":{"start":{"line":188,"column":12},"end":{"line":188,"column":25}},"54":{"start":{"line":194,"column":15},"end":{"line":194,"column":19}},"55":{"start":{"line":196,"column":4},"end":{"line":198,"column":5}},"56":{"start":{"line":197,"column":8},"end":{"line":197,"column":36}},"57":{"start":{"line":199,"column":4},"end":{"line":199,"column":20}},"58":{"start":{"line":202,"column":0},"end":{"line":205,"column":2}}},"fnMap":{"0":{"name":"(anonymous_0)","decl":{"start":{"line":17,"column":4},"end":{"line":17,"column":5}},"loc":{"start":{"line":17,"column":18},"end":{"line":27,"column":5}},"line":17},"1":{"name":"(anonymous_1)","decl":{"start":{"line":29,"column":4},"end":{"line":29,"column":5}},"loc":{"start":{"line":29,"column":11},"end":{"line":53,"column":5}},"line":29},"2":{"name":"(anonymous_2)","decl":{"start":{"line":58,"column":4},"end":{"line":58,"column":5}},"loc":{"start":{"line":58,"column":26},"end":{"line":60,"column":5}},"line":58},"3":{"name":"(anonymous_3)","decl":{"start":{"line":65,"column":4},"end":{"line":65,"column":5}},"loc":{"start":{"line":65,"column":26},"end":{"line":67,"column":5}},"line":65},"4":{"name":"(anonymous_4)","decl":{"start":{"line":72,"column":4},"end":{"line":72,"column":5}},"loc":{"start":{"line":72,"column":31},"end":{"line":74,"column":5}},"line":72},"5":{"name":"(anonymous_5)","decl":{"start":{"line":79,"column":4},"end":{"line":79,"column":5}},"loc":{"start":{"line":79,"column":27},"end":{"line":81,"column":5}},"line":79},"6":{"name":"(anonymous_6)","decl":{"start":{"line":86,"column":4},"end":{"line":86,"column":5}},"loc":{"start":{"line":86,"column":31},"end":{"line":88,"column":5}},"line":86},"7":{"name":"(anonymous_7)","decl":{"start":{"line":93,"column":4},"end":{"line":93,"column":5}},"loc":{"start":{"line":93,"column":33},"end":{"line":95,"column":5}},"line":93},"8":{"name":"(anonymous_8)","decl":{"start":{"line":103,"column":4},"end":{"line":103,"column":5}},"loc":{"start":{"line":103,"column":41},"end":{"line":114,"column":5}},"line":103},"9":{"name":"(anonymous_9)","decl":{"start":{"line":122,"column":4},"end":{"line":122,"column":5}},"loc":{"start":{"line":122,"column":43},"end":{"line":131,"column":5}},"line":122},"10":{"name":"(anonymous_10)","decl":{"start":{"line":138,"column":4},"end":{"line":138,"column":5}},"loc":{"start":{"line":138,"column":34},"end":{"line":145,"column":5}},"line":138},"11":{"name":"(anonymous_11)","decl":{"start":{"line":153,"column":4},"end":{"line":153,"column":5}},"loc":{"start":{"line":153,"column":42},"end":{"line":159,"column":5}},"line":153},"12":{"name":"(anonymous_12)","decl":{"start":{"line":166,"column":4},"end":{"line":166,"column":5}},"loc":{"start":{"line":166,"column":30},"end":{"line":172,"column":5}},"line":166},"13":{"name":"(anonymous_13)","decl":{"start":{"line":179,"column":4},"end":{"line":179,"column":5}},"loc":{"start":{"line":179,"column":26},"end":{"line":190,"column":5}},"line":179},"14":{"name":"getOSSService","decl":{"start":{"line":195,"column":9},"end":{"line":195,"column":22}},"loc":{"start":{"line":195,"column":25},"end":{"line":200,"column":1}},"line":195}},"branchMap":{"0":{"loc":{"start":{"line":20,"column":20},"end":{"line":20,"column":63}},"type":"binary-expr","locations":[{"start":{"line":20,"column":20},"end":{"line":20,"column":42}},{"start":{"line":20,"column":46},"end":{"line":20,"column":63}}],"line":20},"1":{"loc":{"start":{"line":21,"column":20},"end":{"line":21,"column":66}},"type":"binary-expr","locations":[{"start":{"line":21,"column":20},"end":{"line":21,"column":42}},{"start":{"line":21,"column":46},"end":{"line":21,"column":66}}],"line":21},"2":{"loc":{"start":{"line":30,"column":8},"end":{"line":33,"column":9}},"type":"if","locations":[{"start":{"line":30,"column":8},"end":{"line":33,"column":9}},{"start":{},"end":{}}],"line":30},"3":{"loc":{"start":{"line":37,"column":8},"end":{"line":40,"column":9}},"type":"if","locations":[{"start":{"line":37,"column":8},"end":{"line":40,"column":9}},{"start":{},"end":{}}],"line":37},"4":{"loc":{"start":{"line":37,"column":12},"end":{"line":37,"column":44}},"type":"binary-expr","locations":[{"start":{"line":37,"column":12},"end":{"line":37,"column":24}},{"start":{"line":37,"column":28},"end":{"line":37,"column":44}}],"line":37},"5":{"loc":{"start":{"line":104,"column":8},"end":{"line":106,"column":9}},"type":"if","locations":[{"start":{"line":104,"column":8},"end":{"line":106,"column":9}},{"start":{},"end":{}}],"line":104},"6":{"loc":{"start":{"line":108,"column":8},"end":{"line":110,"column":9}},"type":"if","locations":[{"start":{"line":108,"column":8},"end":{"line":110,"column":9}},{"start":{},"end":{}}],"line":108},"7":{"loc":{"start":{"line":123,"column":8},"end":{"line":125,"column":9}},"type":"if","locations":[{"start":{"line":123,"column":8},"end":{"line":125,"column":9}},{"start":{},"end":{}}],"line":123},"8":{"loc":{"start":{"line":139,"column":8},"end":{"line":141,"column":9}},"type":"if","locations":[{"start":{"line":139,"column":8},"end":{"line":141,"column":9}},{"start":{},"end":{}}],"line":139},"9":{"loc":{"start":{"line":153,"column":26},"end":{"line":153,"column":40}},"type":"default-arg","locations":[{"start":{"line":153,"column":36},"end":{"line":153,"column":40}}],"line":153},"10":{"loc":{"start":{"line":154,"column":8},"end":{"line":156,"column":9}},"type":"if","locations":[{"start":{"line":154,"column":8},"end":{"line":156,"column":9}},{"start":{},"end":{}}],"line":154},"11":{"loc":{"start":{"line":167,"column":8},"end":{"line":169,"column":9}},"type":"if","locations":[{"start":{"line":167,"column":8},"end":{"line":169,"column":9}},{"start":{},"end":{}}],"line":167},"12":{"loc":{"start":{"line":180,"column":8},"end":{"line":182,"column":9}},"type":"if","locations":[{"start":{"line":180,"column":8},"end":{"line":182,"column":9}},{"start":{},"end":{}}],"line":180},"13":{"loc":{"start":{"line":196,"column":4},"end":{"line":198,"column":5}},"type":"if","locations":[{"start":{"line":196,"column":4},"end":{"line":198,"column":5}},{"start":{},"end":{}}],"line":196}},"s":{"0":0,"1":0,"2":0,"3":0,"4":0,"5":0,"6":0,"7":0,"8":0,"9":0,"10":0,"11":0,"12":0,"13":0,"14":0,"15":0,"16":0,"17":0,"18":0,"19":0,"20":0,"21":0,"22":0,"23":0,"24":0,"25":0,"26":0,"27":0,"28":0,"29":0,"30":0,"31":0,"32":0,"33":0,"34":0,"35":0,"36":0,"37":0,"38":0,"39":0,"40":0,"41":0,"42":0,"43":0,"44":0,"45":0,"46":0,"47":0,"48":0,"49":0,"50":0,"51":0,"52":0,"53":0,"54":0,"55":0,"56":0,"57":0,"58":0},"f":{"0":0,"1":0,"2":0,"3":0,"4":0,"5":0,"6":0,"7":0,"8":0,"9":0,"10":0,"11":0,"12":0,"13":0,"14":0},"b":{"0":[0,0],"1":[0,0],"2":[0,0],"3":[0,0],"4":[0,0],"5":[0,0],"6":[0,0],"7":[0,0],"8":[0,0],"9":[0],"10":[0,0],"11":[0,0],"12":[0,0],"13":[0,0]}}
}
