TN:
SF:src/pipeline/base.js
FN:11,(anonymous_0)
FN:20,(anonymous_1)
FN:28,(anonymous_2)
FNF:3
FNH:0
FNDA:0,(anonymous_0)
FNDA:0,(anonymous_1)
FNDA:0,(anonymous_2)
DA:12,0
DA:21,0
DA:29,0
DA:33,1
LF:4
LH:1
BRF:0
BRH:0
end_of_record
TN:
SF:src/pipeline/data-pipeline.js
FN:61,(anonymous_0)
FN:70,(anonymous_1)
FN:78,(anonymous_2)
FN:88,(anonymous_3)
FN:131,(anonymous_4)
FN:157,(anonymous_5)
FN:168,(anonymous_6)
FN:192,(anonymous_7)
FN:199,(anonymous_8)
FNF:9
FNH:6
FNDA:3,(anonymous_0)
FNDA:12,(anonymous_1)
FNDA:0,(anonymous_2)
FNDA:3,(anonymous_3)
FNDA:2,(anonymous_4)
FNDA:1,(anonymous_5)
FNDA:3,(anonymous_6)
FNDA:0,(anonymous_7)
FNDA:0,(anonymous_8)
DA:7,1
DA:19,1
DA:62,3
DA:63,3
DA:64,3
DA:71,12
DA:72,12
DA:79,0
DA:80,0
DA:89,3
DA:90,3
DA:92,3
DA:93,3
DA:95,3
DA:96,12
DA:97,0
DA:98,0
DA:101,12
DA:102,12
DA:103,0
DA:106,12
DA:108,12
DA:109,12
DA:110,12
DA:111,12
DA:112,12
DA:114,0
DA:117,0
DA:118,0
DA:120,0
DA:124,3
DA:125,3
DA:132,2
DA:140,2
DA:141,8
DA:142,8
DA:144,0
DA:146,8
DA:149,2
DA:158,1
DA:159,1
DA:169,3
DA:171,3
DA:172,0
DA:175,3
DA:176,0
DA:179,3
DA:182,3
DA:183,12
DA:186,3
DA:193,0
DA:200,0
DA:207,1
LF:53
LH:39
BRDA:61,0,0,0
BRDA:88,1,0,0
BRDA:96,2,0,0
BRDA:96,2,1,12
BRDA:102,3,0,0
BRDA:102,3,1,12
BRDA:117,4,0,0
BRDA:117,4,1,0
BRDA:141,5,0,8
BRDA:141,5,1,0
BRDA:168,6,0,0
BRDA:168,7,0,0
BRDA:171,8,0,0
BRDA:171,8,1,3
BRDA:175,9,0,0
BRDA:175,9,1,3
BRF:16
BRH:5
end_of_record
TN:
SF:src/pipeline/etl-service.js
FN:19,(anonymous_0)
FN:34,(anonymous_1)
FN:49,(anonymous_2)
FN:118,(anonymous_3)
FN:146,(anonymous_4)
FN:196,(anonymous_5)
FNF:6
FNH:5
FNDA:1,(anonymous_0)
FNDA:3,(anonymous_1)
FNDA:1,(anonymous_2)
FNDA:0,(anonymous_3)
FNDA:2,(anonymous_4)
FNDA:3,(anonymous_5)
DA:1,1
DA:2,1
DA:3,1
DA:4,1
DA:7,1
DA:8,1
DA:20,1
DA:21,1
DA:22,1
DA:23,1
DA:24,1
DA:27,1
DA:35,3
DA:36,1
DA:41,3
DA:50,1
DA:52,1
DA:53,1
DA:54,1
DA:62,0
DA:63,0
DA:65,0
DA:69,0
DA:71,0
DA:74,0
DA:81,0
DA:82,0
DA:83,0
DA:92,0
DA:97,0
DA:104,0
DA:105,0
DA:119,0
DA:127,0
DA:128,0
DA:129,0
DA:131,0
DA:132,0
DA:133,0
DA:134,0
DA:136,0
DA:140,0
DA:160,2
DA:163,2
DA:164,2
DA:166,2
DA:187,2
DA:197,3
DA:199,3
DA:201,3
DA:204,3
DA:211,3
DA:212,1
DA:220,2
DA:225,2
DA:232,0
DA:233,0
DA:241,1
LF:58
LH:33
BRDA:7,0,0,1
BRDA:7,0,1,1
BRDA:8,1,0,1
BRDA:8,1,1,1
BRDA:19,2,0,1
BRDA:35,3,0,1
BRDA:35,3,1,2
BRDA:53,4,0,1
BRDA:53,4,1,0
BRDA:63,5,0,0
BRDA:63,5,1,0
BRDA:63,6,0,0
BRDA:63,6,1,0
BRDA:81,7,0,0
BRDA:81,7,1,0
BRDA:131,8,0,0
BRDA:131,8,1,0
BRDA:133,9,0,0
BRDA:133,9,1,0
BRDA:196,10,0,2
BRDA:206,11,0,3
BRDA:206,11,1,2
BRDA:207,12,0,3
BRDA:207,12,1,2
BRDA:211,13,0,1
BRDA:211,13,1,2
BRF:26
BRH:15
end_of_record
TN:
SF:src/pipeline/processors/dedup.js
FN:9,initMinHash
FN:30,(anonymous_1)
FN:48,(anonymous_2)
FN:55,(anonymous_3)
FN:87,(anonymous_4)
FN:111,(anonymous_5)
FN:177,(anonymous_6)
FN:194,(anonymous_7)
FN:218,(anonymous_8)
FN:241,(anonymous_9)
FN:250,(anonymous_10)
FN:262,(anonymous_11)
FNF:12
FNH:5
FNDA:1,initMinHash
FNDA:1,(anonymous_1)
FNDA:0,(anonymous_2)
FNDA:3,(anonymous_3)
FNDA:0,(anonymous_4)
FNDA:3,(anonymous_5)
FNDA:0,(anonymous_6)
FNDA:0,(anonymous_7)
FNDA:0,(anonymous_8)
FNDA:3,(anonymous_9)
FNDA:0,(anonymous_10)
FNDA:0,(anonymous_11)
DA:1,1
DA:2,1
DA:5,1
DA:6,1
DA:7,1
DA:10,1
DA:12,1
DA:14,1
DA:15,0
DA:16,0
DA:17,0
DA:18,0
DA:20,1
DA:21,1
DA:31,1
DA:33,1
DA:34,1
DA:49,0
DA:56,3
DA:57,0
DA:61,3
DA:62,2
DA:65,1
DA:67,1
DA:68,0
DA:74,0
DA:75,0
DA:79,1
DA:80,1
DA:88,0
DA:89,0
DA:93,0
DA:94,0
DA:96,0
DA:99,0
DA:101,0
DA:105,0
DA:107,0
DA:112,3
DA:114,3
DA:116,3
DA:117,0
DA:121,3
DA:123,0
DA:124,0
DA:126,0
DA:128,0
DA:137,0
DA:138,0
DA:141,0
DA:142,0
DA:146,0
DA:152,3
DA:154,3
DA:155,1
DA:164,2
DA:166,2
DA:178,0
DA:181,0
DA:183,0
DA:184,0
DA:187,0
DA:196,0
DA:200,0
DA:203,0
DA:204,0
DA:208,0
DA:209,0
DA:212,0
DA:219,0
DA:220,0
DA:221,0
DA:223,0
DA:234,0
DA:242,3
DA:244,3
DA:251,0
DA:252,0
DA:256,0
DA:259,0
DA:263,0
DA:267,1
LF:82
LH:32
BRDA:10,0,0,0
BRDA:10,0,1,1
BRDA:15,1,0,0
BRDA:15,1,1,0
BRDA:30,2,0,0
BRDA:36,3,0,1
BRDA:36,3,1,0
BRDA:38,4,0,1
BRDA:38,4,1,0
BRDA:40,5,0,1
BRDA:40,5,1,1
BRDA:42,6,0,1
BRDA:42,6,1,0
BRDA:56,7,0,0
BRDA:56,7,1,3
BRDA:61,8,0,2
BRDA:61,8,1,1
BRDA:67,9,0,0
BRDA:67,9,1,1
BRDA:67,10,0,1
BRDA:67,10,1,0
BRDA:74,11,0,0
BRDA:74,11,1,0
BRDA:74,12,0,0
BRDA:74,12,1,0
BRDA:116,13,0,0
BRDA:116,13,1,3
BRDA:121,14,0,0
BRDA:121,14,1,3
BRDA:126,15,0,0
BRDA:126,15,1,0
BRDA:137,16,0,0
BRDA:137,16,1,0
BRDA:141,17,0,0
BRDA:141,17,1,0
BRDA:141,18,0,0
BRDA:141,18,1,0
BRDA:154,19,0,1
BRDA:154,19,1,2
BRDA:164,20,0,2
BRDA:164,20,1,2
BRDA:251,21,0,0
BRDA:251,21,1,0
BRF:43
BRH:17
end_of_record
TN:
SF:src/pipeline/processors/index.js
FN:24,createDefaultProcessors
FN:46,registerProcessor
FN:54,getAvailableProcessors
FNF:3
FNH:1
FNDA:1,createDefaultProcessors
FNDA:0,registerProcessor
FNDA:0,getAvailableProcessors
DA:6,1
DA:7,1
DA:8,1
DA:9,1
DA:12,1
DA:25,1
DA:26,1
DA:33,1
DA:47,0
DA:55,0
DA:58,1
LF:11
LH:9
BRDA:24,0,0,0
BRDA:25,1,0,1
BRDA:25,1,1,1
BRDA:27,2,0,1
BRDA:27,2,1,0
BRDA:29,3,0,1
BRDA:29,3,1,1
BRDA:30,4,0,1
BRDA:30,4,1,1
BRF:9
BRH:7
end_of_record
TN:
SF:src/pipeline/processors/l1-clean.js
FN:8,(anonymous_0)
FN:12,(anonymous_1)
FN:48,(anonymous_2)
FN:61,(anonymous_3)
FN:70,(anonymous_4)
FN:95,(anonymous_5)
FN:104,(anonymous_6)
FN:105,(anonymous_7)
FN:112,(anonymous_8)
FN:125,(anonymous_9)
FNF:10
FNH:8
FNDA:0,(anonymous_0)
FNDA:3,(anonymous_1)
FNDA:3,(anonymous_2)
FNDA:3,(anonymous_3)
FNDA:3,(anonymous_4)
FNDA:3,(anonymous_5)
FNDA:3,(anonymous_6)
FNDA:3,(anonymous_7)
FNDA:3,(anonymous_8)
FNDA:0,(anonymous_9)
DA:1,1
DA:9,0
DA:13,3
DA:15,3
DA:16,3
DA:17,0
DA:21,3
DA:24,3
DA:27,3
DA:30,3
DA:33,3
DA:35,3
DA:49,3
DA:63,3
DA:64,3
DA:71,3
DA:85,3
DA:86,3
DA:87,24
DA:89,3
DA:96,3
DA:104,3
DA:105,3
DA:113,3
DA:126,0
DA:130,1
LF:26
LH:23
BRDA:15,0,0,3
BRDA:15,0,1,3
BRDA:16,1,0,0
BRDA:16,1,1,3
BRF:4
BRH:3
end_of_record
TN:
SF:src/pipeline/processors/l2-structure.js
FN:11,(anonymous_0)
FN:16,(anonymous_1)
FN:20,(anonymous_2)
FN:49,(anonymous_3)
FN:59,(anonymous_4)
FN:76,(anonymous_5)
FN:117,(anonymous_6)
FNF:7
FNH:5
FNDA:1,(anonymous_0)
FNDA:0,(anonymous_1)
FNDA:3,(anonymous_2)
FNDA:0,(anonymous_3)
FNDA:3,(anonymous_4)
FNDA:87,(anonymous_5)
FNDA:3,(anonymous_6)
DA:1,1
DA:12,1
DA:13,1
DA:17,0
DA:21,3
DA:23,3
DA:24,0
DA:28,3
DA:33,3
DA:50,0
DA:61,3
DA:72,3
DA:73,3
DA:75,3
DA:76,87
DA:77,21
DA:78,1
DA:79,1
DA:83,3
DA:93,3
DA:94,3
DA:97,3
DA:98,3
DA:101,3
DA:103,3
DA:119,3
DA:120,3
DA:124,1
LF:28
LH:25
BRDA:23,0,0,0
BRDA:23,0,1,3
BRDA:41,1,0,3
BRDA:41,1,1,0
BRDA:42,2,0,3
BRDA:42,2,1,3
BRDA:43,3,0,3
BRDA:43,3,1,0
BRDA:44,4,0,3
BRDA:44,4,1,0
BRDA:45,5,0,3
BRDA:45,5,1,0
BRDA:59,6,0,0
BRDA:77,7,0,1
BRDA:77,7,1,20
BRDA:93,8,0,3
BRDA:93,8,1,0
BRDA:98,9,0,3
BRDA:98,9,1,0
BRDA:101,10,0,3
BRDA:101,10,1,2
BRDA:106,11,0,3
BRDA:106,11,1,0
BRDA:119,12,0,3
BRDA:119,12,1,3
BRF:25
BRH:16
end_of_record
TN:
SF:src/pipeline/processors/l3-evaluate.js
FN:8,(anonymous_0)
FN:12,(anonymous_1)
FN:42,(anonymous_2)
FN:85,(anonymous_3)
FN:91,(anonymous_4)
FN:98,(anonymous_5)
FN:113,(anonymous_6)
FN:125,(anonymous_7)
FN:135,(anonymous_8)
FN:155,(anonymous_9)
FNF:10
FNH:8
FNDA:0,(anonymous_0)
FNDA:3,(anonymous_1)
FNDA:3,(anonymous_2)
FNDA:3,(anonymous_3)
FNDA:24,(anonymous_4)
FNDA:24,(anonymous_5)
FNDA:2,(anonymous_6)
FNDA:3,(anonymous_7)
FNDA:3,(anonymous_8)
FNDA:0,(anonymous_9)
DA:1,1
DA:9,0
DA:13,3
DA:15,3
DA:16,0
DA:20,3
DA:23,3
DA:26,3
DA:29,3
DA:31,3
DA:43,3
DA:44,3
DA:45,3
DA:48,3
DA:49,3
DA:50,1
DA:54,3
DA:55,3
DA:56,3
DA:60,3
DA:61,3
DA:62,1
DA:66,3
DA:67,3
DA:68,3
DA:71,3
DA:72,3
DA:73,3
DA:74,3
DA:75,3
DA:78,3
DA:86,3
DA:87,3
DA:90,3
DA:91,24
DA:92,3
DA:93,1
DA:97,3
DA:98,24
DA:99,3
DA:100,0
DA:104,3
DA:105,3
DA:106,3
DA:107,0
DA:111,3
DA:112,1
DA:113,2
DA:114,1
DA:115,1
DA:119,3
DA:127,3
DA:128,3
DA:129,3
DA:136,3
DA:138,3
DA:139,2
DA:142,3
DA:143,0
DA:144,3
DA:145,1
DA:148,3
DA:149,3
DA:152,3
DA:156,0
DA:160,1
LF:66
LH:60
BRDA:15,0,0,0
BRDA:15,0,1,3
BRDA:49,1,0,1
BRDA:49,1,1,2
BRDA:49,2,0,3
BRDA:49,2,1,3
BRDA:55,3,0,3
BRDA:55,3,1,0
BRDA:55,4,0,3
BRDA:55,4,1,3
BRDA:61,5,0,1
BRDA:61,5,1,2
BRDA:61,6,0,3
BRDA:61,6,1,3
BRDA:67,7,0,3
BRDA:67,7,1,0
BRDA:68,8,0,3
BRDA:68,8,1,0
BRDA:72,9,0,3
BRDA:72,9,1,0
BRDA:73,10,0,3
BRDA:73,10,1,0
BRDA:74,11,0,3
BRDA:74,11,1,0
BRDA:75,12,0,0
BRDA:75,12,1,3
BRDA:75,13,0,3
BRDA:75,13,1,3
BRDA:92,14,0,1
BRDA:92,14,1,2
BRDA:99,15,0,0
BRDA:99,15,1,3
BRDA:106,16,0,0
BRDA:106,16,1,3
BRDA:106,17,0,3
BRDA:106,17,1,0
BRDA:111,18,0,1
BRDA:111,18,1,2
BRDA:114,19,0,1
BRDA:114,19,1,0
BRDA:138,20,0,2
BRDA:138,20,1,1
BRDA:142,21,0,0
BRDA:142,21,1,3
BRDA:144,22,0,1
BRDA:144,22,1,2
BRDA:148,23,0,3
BRDA:148,23,1,0
BRDA:152,24,0,3
BRDA:152,24,1,0
BRF:50
BRH:35
end_of_record
TN:
SF:src/repository/ProcessedDataRepository.js
FN:5,(anonymous_0)
FN:30,(anonymous_1)
FN:96,(anonymous_2)
FN:109,(anonymous_3)
FN:129,(anonymous_4)
FN:152,(anonymous_5)
FN:174,(anonymous_6)
FN:193,(anonymous_7)
FN:210,(anonymous_8)
FN:230,(anonymous_9)
FN:256,(anonymous_10)
FN:289,(anonymous_11)
FN:306,(anonymous_12)
FN:314,(anonymous_13)
FN:340,(anonymous_14)
FN:358,(anonymous_15)
FNF:16
FNH:2
FNDA:2,(anonymous_0)
FNDA:2,(anonymous_1)
FNDA:0,(anonymous_2)
FNDA:0,(anonymous_3)
FNDA:0,(anonymous_4)
FNDA:0,(anonymous_5)
FNDA:0,(anonymous_6)
FNDA:0,(anonymous_7)
FNDA:0,(anonymous_8)
FNDA:0,(anonymous_9)
FNDA:0,(anonymous_10)
FNDA:0,(anonymous_11)
FNDA:0,(anonymous_12)
FNDA:0,(anonymous_13)
FNDA:0,(anonymous_14)
FNDA:0,(anonymous_15)
DA:6,2
DA:48,2
DA:52,2
DA:53,0
DA:57,2
DA:59,2
DA:68,2
DA:88,2
DA:97,0
DA:98,0
DA:99,0
DA:110,0
DA:119,0
DA:120,0
DA:130,0
DA:142,0
DA:143,0
DA:153,0
DA:163,0
DA:164,0
DA:175,0
DA:185,0
DA:186,0
DA:194,0
DA:201,0
DA:202,0
DA:211,0
DA:220,0
DA:221,0
DA:231,0
DA:233,0
DA:243,0
DA:244,0
DA:257,0
DA:258,0
DA:259,0
DA:260,0
DA:262,0
DA:263,0
DA:264,0
DA:266,0
DA:267,0
DA:268,0
DA:271,0
DA:273,0
DA:281,0
DA:282,0
DA:290,0
DA:296,0
DA:297,0
DA:307,0
DA:308,0
DA:309,0
DA:310,0
DA:312,0
DA:313,0
DA:314,0
DA:315,0
DA:316,0
DA:320,0
DA:321,0
DA:324,0
DA:325,0
DA:332,0
DA:333,0
DA:341,0
DA:349,0
DA:350,0
DA:359,0
DA:368,0
DA:369,0
DA:371,0
DA:372,0
DA:374,0
DA:375,0
DA:376,0
DA:377,0
DA:380,0
DA:389,1
LF:79
LH:8
BRDA:40,0,0,2
BRDA:45,1,0,2
BRDA:52,2,0,0
BRDA:52,2,1,2
BRDA:52,3,0,2
BRDA:52,3,1,2
BRDA:52,3,2,2
BRDA:52,3,3,2
BRDA:52,3,4,2
BRDA:74,4,0,2
BRDA:74,4,1,0
BRDA:75,5,0,2
BRDA:75,5,1,2
BRDA:78,6,0,2
BRDA:78,6,1,0
BRDA:79,7,0,0
BRDA:79,7,1,2
BRDA:80,8,0,2
BRDA:80,8,1,2
BRDA:81,9,0,2
BRDA:81,9,1,2
BRDA:84,10,0,2
BRDA:84,10,1,2
BRDA:85,11,0,2
BRDA:85,11,1,2
BRDA:109,12,0,0
BRDA:109,13,0,0
BRDA:109,14,0,0
BRDA:129,15,0,0
BRDA:230,16,0,0
BRDA:231,17,0,0
BRDA:262,18,0,0
BRDA:262,18,1,0
BRDA:266,19,0,0
BRDA:266,19,1,0
BRDA:313,20,0,0
BRDA:313,20,1,0
BRDA:316,21,0,0
BRDA:316,21,1,0
BRDA:320,22,0,0
BRDA:320,22,1,0
BRDA:358,23,0,0
BRDA:374,24,0,0
BRDA:374,24,1,0
BRDA:376,25,0,0
BRDA:376,25,1,0
BRF:46
BRH:21
end_of_record
TN:
SF:src/repository/RawDataIndexRepository.js
FN:5,(anonymous_0)
FN:21,(anonymous_1)
FN:64,(anonymous_2)
FN:75,(anonymous_3)
FN:88,(anonymous_4)
FN:109,(anonymous_5)
FN:130,(anonymous_6)
FN:148,(anonymous_7)
FN:163,(anonymous_8)
FN:179,(anonymous_9)
FNF:10
FNH:2
FNDA:2,(anonymous_0)
FNDA:0,(anonymous_1)
FNDA:1,(anonymous_2)
FNDA:0,(anonymous_3)
FNDA:0,(anonymous_4)
FNDA:0,(anonymous_5)
FNDA:0,(anonymous_6)
FNDA:0,(anonymous_7)
FNDA:0,(anonymous_8)
FNDA:0,(anonymous_9)
DA:6,2
DA:31,0
DA:34,0
DA:35,0
DA:38,0
DA:45,0
DA:56,0
DA:65,1
DA:66,1
DA:67,1
DA:76,0
DA:77,0
DA:78,0
DA:89,0
DA:97,0
DA:110,0
DA:118,0
DA:131,0
DA:140,0
DA:149,0
DA:154,0
DA:155,0
DA:164,0
DA:169,0
DA:170,0
DA:180,0
DA:186,0
DA:190,1
LF:28
LH:5
BRDA:30,0,0,0
BRDA:34,1,0,0
BRDA:34,1,1,0
BRDA:34,2,0,0
BRDA:34,2,1,0
BRDA:34,2,2,0
BRDA:34,2,3,0
BRDA:34,2,4,0
BRDA:51,3,0,0
BRDA:51,3,1,0
BRDA:52,4,0,0
BRDA:52,4,1,0
BRDA:140,5,0,0
BRDA:140,5,1,0
BRF:14
BRH:0
end_of_record
TN:
SF:src/repository/ReviewLogRepository.js
FN:5,(anonymous_0)
FN:22,(anonymous_1)
FN:65,(anonymous_2)
FN:80,(anonymous_3)
FN:94,(anonymous_4)
FN:108,(anonymous_5)
FN:126,(anonymous_6)
FN:154,(anonymous_7)
FN:169,(anonymous_8)
FNF:9
FNH:0
FNDA:0,(anonymous_0)
FNDA:0,(anonymous_1)
FNDA:0,(anonymous_2)
FNDA:0,(anonymous_3)
FNDA:0,(anonymous_4)
FNDA:0,(anonymous_5)
FNDA:0,(anonymous_6)
FNDA:0,(anonymous_7)
FNDA:0,(anonymous_8)
DA:6,0
DA:32,0
DA:35,0
DA:36,0
DA:39,0
DA:46,0
DA:57,0
DA:66,0
DA:71,0
DA:72,0
DA:81,0
DA:86,0
DA:87,0
DA:95,0
DA:100,0
DA:101,0
DA:109,0
DA:117,0
DA:118,0
DA:127,0
DA:129,0
DA:130,0
DA:132,0
DA:133,0
DA:134,0
DA:135,0
DA:138,0
DA:155,0
DA:160,0
DA:161,0
DA:170,0
DA:179,0
DA:180,0
DA:184,0
LF:34
LH:0
BRDA:31,0,0,0
BRDA:35,1,0,0
BRDA:35,1,1,0
BRDA:35,2,0,0
BRDA:35,2,1,0
BRDA:35,2,2,0
BRDA:35,2,3,0
BRDA:50,3,0,0
BRDA:50,3,1,0
BRDA:51,4,0,0
BRDA:51,4,1,0
BRDA:53,5,0,0
BRDA:53,5,1,0
BRDA:126,6,0,0
BRDA:130,7,0,0
BRDA:130,7,1,0
BRDA:132,8,0,0
BRDA:132,8,1,0
BRDA:134,9,0,0
BRDA:134,9,1,0
BRF:20
BRH:0
end_of_record
TN:
SF:src/repository/UserRepository.js
FN:8,(anonymous_0)
FN:22,(anonymous_1)
FN:48,(anonymous_2)
FN:64,(anonymous_3)
FN:81,(anonymous_4)
FN:102,(anonymous_5)
FN:119,(anonymous_6)
FN:139,(anonymous_7)
FN:157,(anonymous_8)
FNF:9
FNH:2
FNDA:1,(anonymous_0)
FNDA:3,(anonymous_1)
FNDA:0,(anonymous_2)
FNDA:0,(anonymous_3)
FNDA:0,(anonymous_4)
FNDA:0,(anonymous_5)
FNDA:0,(anonymous_6)
FNDA:0,(anonymous_7)
FNDA:0,(anonymous_8)
DA:1,1
DA:2,1
DA:9,1
DA:10,1
DA:23,3
DA:26,3
DA:27,0
DA:31,3
DA:33,3
DA:39,3
DA:40,3
DA:49,0
DA:55,0
DA:56,0
DA:65,0
DA:71,0
DA:72,0
DA:82,0
DA:88,0
DA:89,0
DA:90,0
DA:93,0
DA:94,0
DA:103,0
DA:109,0
DA:120,0
DA:122,0
DA:129,0
DA:130,0
DA:140,0
DA:147,0
DA:148,0
DA:158,0
DA:164,0
DA:168,1
LF:35
LH:11
BRDA:23,0,0,0
BRDA:26,1,0,0
BRDA:26,1,1,3
BRDA:26,2,0,3
BRDA:26,2,1,3
BRDA:26,2,2,3
BRDA:89,3,0,0
BRDA:89,3,1,0
BRDA:119,4,0,0
BRDA:120,5,0,0
BRDA:120,6,0,0
BRF:11
BRH:4
end_of_record
TN:
SF:src/routes/review.js
FN:14,getLowConfidence
FN:35,autoApprove
FN:67,decide
FN:99,getSpotCheckSamples
FN:119,correctSpotCheck
FN:142,getAiAccuracy
FN:162,getThresholdRecommendation
FN:180,batchCorrect
FN:202,getReadyForRag
FNF:9
FNH:0
FNDA:0,getLowConfidence
FNDA:0,autoApprove
FNDA:0,decide
FNDA:0,getSpotCheckSamples
FNDA:0,correctSpotCheck
FNDA:0,getAiAccuracy
FNDA:0,getThresholdRecommendation
FNDA:0,batchCorrect
FNDA:0,getReadyForRag
DA:1,0
DA:2,0
DA:4,0
DA:15,0
DA:16,0
DA:17,0
DA:19,0
DA:20,0
DA:22,0
DA:24,0
DA:26,0
DA:27,0
DA:36,0
DA:37,0
DA:38,0
DA:40,0
DA:43,0
DA:48,0
DA:50,0
DA:51,0
DA:52,0
DA:53,0
DA:56,0
DA:58,0
DA:59,0
DA:68,0
DA:69,0
DA:71,0
DA:72,0
DA:75,0
DA:77,0
DA:78,0
DA:79,0
DA:80,0
DA:82,0
DA:83,0
DA:85,0
DA:88,0
DA:90,0
DA:91,0
DA:100,0
DA:101,0
DA:103,0
DA:104,0
DA:108,0
DA:110,0
DA:111,0
DA:120,0
DA:121,0
DA:123,0
DA:124,0
DA:127,0
DA:128,0
DA:131,0
DA:133,0
DA:134,0
DA:143,0
DA:144,0
DA:145,0
DA:147,0
DA:153,0
DA:154,0
DA:163,0
DA:164,0
DA:166,0
DA:167,0
DA:169,0
DA:171,0
DA:172,0
DA:181,0
DA:182,0
DA:184,0
DA:185,0
DA:188,0
DA:189,0
DA:191,0
DA:193,0
DA:194,0
DA:203,0
DA:204,0
DA:205,0
DA:207,0
DA:209,0
DA:210,0
DA:215,0
DA:216,0
DA:217,0
DA:218,0
DA:219,0
DA:220,0
DA:221,0
DA:222,0
DA:223,0
DA:225,0
LF:94
LH:0
BRDA:16,0,0,0
BRDA:16,1,0,0
BRDA:17,2,0,0
BRDA:17,2,1,0
BRDA:37,3,0,0
BRDA:38,4,0,0
BRDA:38,4,1,0
BRDA:71,5,0,0
BRDA:71,5,1,0
BRDA:71,6,0,0
BRDA:71,6,1,0
BRDA:77,7,0,0
BRDA:77,7,1,0
BRDA:79,8,0,0
BRDA:79,8,1,0
BRDA:82,9,0,0
BRDA:82,9,1,0
BRDA:83,10,0,0
BRDA:83,10,1,0
BRDA:101,11,0,0
BRDA:101,12,0,0
BRDA:123,13,0,0
BRDA:123,13,1,0
BRDA:123,14,0,0
BRDA:123,14,1,0
BRDA:148,15,0,0
BRDA:148,15,1,0
BRDA:149,16,0,0
BRDA:149,16,1,0
BRDA:150,17,0,0
BRDA:150,17,1,0
BRDA:164,18,0,0
BRDA:164,18,1,0
BRDA:184,19,0,0
BRDA:184,19,1,0
BRDA:184,20,0,0
BRDA:184,20,1,0
BRF:37
BRH:0
end_of_record
TN:
SF:src/services/DifySyncService.js
FN:13,(anonymous_0)
FN:25,(anonymous_1)
FN:61,(anonymous_2)
FN:108,(anonymous_3)
FN:131,(anonymous_4)
FN:147,(anonymous_5)
FNF:6
FNH:0
FNDA:0,(anonymous_0)
FNDA:0,(anonymous_1)
FNDA:0,(anonymous_2)
FNDA:0,(anonymous_3)
FNDA:0,(anonymous_4)
FNDA:0,(anonymous_5)
DA:1,0
DA:14,0
DA:15,0
DA:16,0
DA:17,0
DA:26,0
DA:28,0
DA:29,0
DA:30,0
DA:34,0
DA:37,0
DA:38,0
DA:41,0
DA:43,0
DA:49,0
DA:50,0
DA:62,0
DA:64,0
DA:66,0
DA:67,0
DA:68,0
DA:70,0
DA:71,0
DA:73,0
DA:74,0
DA:76,0
DA:79,0
DA:86,0
DA:93,0
DA:94,0
DA:109,0
DA:111,0
DA:112,0
DA:116,0
DA:128,0
DA:129,0
DA:130,0
DA:131,0
DA:133,0
DA:136,0
DA:148,0
DA:150,0
DA:151,0
DA:153,0
DA:154,0
DA:159,0
LF:46
LH:0
BRDA:13,0,0,0
BRDA:29,1,0,0
BRDA:29,1,1,0
BRDA:37,2,0,0
BRDA:37,2,1,0
BRDA:73,3,0,0
BRDA:73,3,1,0
BRDA:111,4,0,0
BRDA:111,4,1,0
BRDA:123,5,0,0
BRDA:123,5,1,0
BRDA:129,6,0,0
BRDA:129,6,1,0
BRDA:129,7,0,0
BRDA:129,7,1,0
BRDA:131,8,0,0
BRDA:131,8,1,0
BRF:17
BRH:0
end_of_record
TN:
SF:src/services/FinetuningExportService.js
FN:8,(anonymous_0)
FN:18,(anonymous_1)
FN:22,(anonymous_2)
FN:54,(anonymous_3)
FN:55,(anonymous_4)
FN:84,(anonymous_5)
FN:105,(anonymous_6)
FN:121,(anonymous_7)
FN:135,(anonymous_8)
FN:151,(anonymous_9)
FN:157,(anonymous_10)
FN:181,(anonymous_11)
FN:192,(anonymous_12)
FN:193,(anonymous_13)
FN:194,(anonymous_14)
FN:209,(anonymous_15)
FN:224,(anonymous_16)
FNF:17
FNH:0
FNDA:0,(anonymous_0)
FNDA:0,(anonymous_1)
FNDA:0,(anonymous_2)
FNDA:0,(anonymous_3)
FNDA:0,(anonymous_4)
FNDA:0,(anonymous_5)
FNDA:0,(anonymous_6)
FNDA:0,(anonymous_7)
FNDA:0,(anonymous_8)
FNDA:0,(anonymous_9)
FNDA:0,(anonymous_10)
FNDA:0,(anonymous_11)
FNDA:0,(anonymous_12)
FNDA:0,(anonymous_13)
FNDA:0,(anonymous_14)
FNDA:0,(anonymous_15)
FNDA:0,(anonymous_16)
DA:1,0
DA:9,0
DA:10,0
DA:21,0
DA:22,0
DA:24,0
DA:27,0
DA:29,0
DA:33,0
DA:34,0
DA:37,0
DA:40,0
DA:43,0
DA:55,0
DA:61,0
DA:62,0
DA:63,0
DA:69,0
DA:86,0
DA:88,0
DA:106,0
DA:113,0
DA:122,0
DA:129,0
DA:136,0
DA:138,0
DA:143,0
DA:152,0
DA:153,0
DA:157,0
DA:159,0
DA:160,0
DA:161,0
DA:162,0
DA:164,0
DA:183,0
DA:186,0
DA:189,0
DA:192,0
DA:193,0
DA:194,0
DA:196,0
DA:210,0
DA:217,0
DA:225,0
DA:232,0
DA:233,0
DA:235,0
DA:243,0
LF:49
LH:0
BRDA:18,0,0,0
BRDA:21,1,0,0
BRDA:21,1,1,0
BRDA:33,2,0,0
BRDA:33,2,1,0
BRDA:33,3,0,0
BRDA:33,3,1,0
BRDA:33,3,2,0
BRDA:56,4,0,0
BRDA:56,4,1,0
BRDA:62,5,0,0
BRDA:62,5,1,0
BRDA:113,6,0,0
BRDA:113,6,1,0
BRDA:129,7,0,0
BRDA:129,7,1,0
BRDA:136,8,0,0
BRDA:136,8,1,0
BRDA:151,9,0,0
BRDA:152,10,0,0
BRDA:152,10,1,0
BRF:21
BRH:0
end_of_record
TN:
SF:src/services/storage/index.js
FNF:0
FNH:0
DA:5,0
DA:7,0
LF:2
LH:0
BRF:0
BRH:0
end_of_record
TN:
SF:src/services/storage/oss.js
FN:17,(anonymous_0)
FN:29,(anonymous_1)
FN:58,(anonymous_2)
FN:65,(anonymous_3)
FN:72,(anonymous_4)
FN:79,(anonymous_5)
FN:86,(anonymous_6)
FN:93,(anonymous_7)
FN:103,(anonymous_8)
FN:122,(anonymous_9)
FN:138,(anonymous_10)
FN:153,(anonymous_11)
FN:166,(anonymous_12)
FN:179,(anonymous_13)
FN:195,getOSSService
FNF:15
FNH:0
FNDA:0,(anonymous_0)
FNDA:0,(anonymous_1)
FNDA:0,(anonymous_2)
FNDA:0,(anonymous_3)
FNDA:0,(anonymous_4)
FNDA:0,(anonymous_5)
FNDA:0,(anonymous_6)
FNDA:0,(anonymous_7)
FNDA:0,(anonymous_8)
FNDA:0,(anonymous_9)
FNDA:0,(anonymous_10)
FNDA:0,(anonymous_11)
FNDA:0,(anonymous_12)
FNDA:0,(anonymous_13)
FNDA:0,getOSSService
DA:5,0
DA:6,0
DA:9,0
DA:10,0
DA:11,0
DA:13,0
DA:18,0
DA:19,0
DA:26,0
DA:30,0
DA:31,0
DA:32,0
DA:35,0
DA:37,0
DA:38,0
DA:39,0
DA:42,0
DA:43,0
DA:49,0
DA:51,0
DA:59,0
DA:66,0
DA:73,0
DA:80,0
DA:87,0
DA:94,0
DA:104,0
DA:105,0
DA:108,0
DA:109,0
DA:112,0
DA:113,0
DA:123,0
DA:124,0
DA:127,0
DA:128,0
DA:129,0
DA:130,0
DA:139,0
DA:140,0
DA:143,0
DA:144,0
DA:154,0
DA:155,0
DA:158,0
DA:167,0
DA:168,0
DA:171,0
DA:180,0
DA:181,0
DA:184,0
DA:185,0
DA:186,0
DA:188,0
DA:194,0
DA:196,0
DA:197,0
DA:199,0
DA:202,0
LF:59
LH:0
BRDA:20,0,0,0
BRDA:20,0,1,0
BRDA:21,1,0,0
BRDA:21,1,1,0
BRDA:30,2,0,0
BRDA:30,2,1,0
BRDA:37,3,0,0
BRDA:37,3,1,0
BRDA:37,4,0,0
BRDA:37,4,1,0
BRDA:104,5,0,0
BRDA:104,5,1,0
BRDA:108,6,0,0
BRDA:108,6,1,0
BRDA:123,7,0,0
BRDA:123,7,1,0
BRDA:139,8,0,0
BRDA:139,8,1,0
BRDA:153,9,0,0
BRDA:154,10,0,0
BRDA:154,10,1,0
BRDA:167,11,0,0
BRDA:167,11,1,0
BRDA:180,12,0,0
BRDA:180,12,1,0
BRDA:196,13,0,0
BRDA:196,13,1,0
BRF:27
BRH:0
end_of_record
